[INFO ] 2023-05-11 18:47:43.503 [main] loggerLoad - Test is running on chrome
[INFO ] 2023-05-11 18:47:43.520 [main] loggerLoad - Driver is Intialized
[INFO ] 2023-05-11 18:47:45.073 [main] loggerLoad - User opened DS Algo URL and is trying to Registrer
[INFO ] 2023-05-11 18:47:47.495 [main] loggerLoad - Please fill out this field
[INFO ] 2023-05-11 18:47:53.029 [main] loggerLoad - User is trying with Invalid username
[INFO ] 2023-05-11 18:47:55.622 [main] loggerLoad - User is trying with Invalid password
[INFO ] 2023-05-11 18:47:56.128 [main] loggerLoad - User is trying with Invalid confirm pwd
[INFO ] 2023-05-11 18:47:56.958 [main] loggerLoad - User successfully created New Account
[INFO ] 2023-05-11 18:47:57.128 [main] loggerLoad - User opens with Invalid username
[INFO ] 2023-05-11 18:47:57.129 [main] loggerLoad - User opens with Invalid password
[INFO ] 2023-05-11 18:47:57.130 [main] loggerLoad - User opens with Invalid confirm pwd
[INFO ] 2023-05-11 18:47:57.131 [main] loggerLoad - User opens valid credentials
[INFO ] 2023-05-11 18:50:07.652 [main] loggerLoad - Test is running on chrome
[INFO ] 2023-05-11 18:50:07.673 [main] loggerLoad - Driver is Intialized
[INFO ] 2023-05-11 18:50:08.343 [main] loggerLoad - User is in home page
[INFO ] 2023-05-11 18:51:54.984 [main] loggerLoad - Test is running on chrome
[INFO ] 2023-05-11 18:51:55.002 [main] loggerLoad - Driver is Intialized
[INFO ] 2023-05-11 18:51:56.454 [main] loggerLoad - User opened DS Algo URL and is trying to Registrer
[INFO ] 2023-05-11 18:51:58.838 [main] loggerLoad - Please fill out this field
[INFO ] 2023-05-11 18:52:03.341 [main] loggerLoad - User is trying with Invalid username
[INFO ] 2023-05-11 18:52:05.917 [main] loggerLoad - User is trying with Invalid password
[INFO ] 2023-05-11 18:52:06.373 [main] loggerLoad - User is trying with Invalid confirm pwd
[INFO ] 2023-05-11 18:52:07.172 [main] loggerLoad - User successfully created New Account
[INFO ] 2023-05-11 18:52:07.329 [main] loggerLoad - User opens with Invalid username
[INFO ] 2023-05-11 18:52:07.330 [main] loggerLoad - User opens with Invalid password
[INFO ] 2023-05-11 18:52:07.331 [main] loggerLoad - User opens with Invalid confirm pwd
[INFO ] 2023-05-11 18:52:07.331 [main] loggerLoad - User opens valid credentials
[INFO ] 2023-05-11 18:52:07.427 [main] loggerLoad - User is in home page
[INFO ] 2023-05-11 18:52:09.094 [main] loggerLoad - User is Home  Page
[INFO ] 2023-05-11 18:52:09.277 [main] loggerLoad - User is on Data Structure Introduction Page
[INFO ] 2023-05-11 18:52:09.291 [main] loggerLoad - User is on Data Structure Introduction Page after login
[INFO ] 2023-05-11 18:52:09.484 [main] loggerLoad - User is on Data Structure Time Complexity
[INFO ] 2023-05-11 18:52:12.236 [main] loggerLoad - data structure phython code run success
[INFO ] 2023-05-11 18:52:12.408 [main] loggerLoad - User is Home  Page
[INFO ] 2023-05-11 18:52:12.587 [main] loggerLoad - User redirects to array Page
[INFO ] 2023-05-11 18:52:12.598 [main] loggerLoad - User is array phython Page
[INFO ] 2023-05-11 18:52:13.279 [main] loggerLoad - User runs code successfully
[INFO ] 2023-05-11 18:52:13.784 [main] loggerLoad - User redirects to practice qns search array Page
[INFO ] 2023-05-11 18:52:13.921 [main] loggerLoad - User is on Home page
[INFO ] 2023-05-11 18:52:14.105 [main] loggerLoad - User is on Linked List page
[INFO ] 2023-05-11 18:52:14.324 [main] loggerLoad - User is on Introduction Linked List Page
[INFO ] 2023-05-11 18:52:14.516 [main] loggerLoad - User is on page having tryeditor with run button
[INFO ] 2023-05-11 18:52:14.517 [main] loggerLoad - User is sending code
[INFO ] 2023-05-11 18:52:14.683 [main] loggerLoad - User received output
[INFO ] 2023-05-11 18:52:14.911 [main] loggerLoad - User is on Linked List page
[INFO ] 2023-05-11 18:52:15.177 [main] loggerLoad - User is on creating Linked List page
[INFO ] 2023-05-11 18:52:15.333 [main] loggerLoad - user navigate to tryeditor and run button
[INFO ] 2023-05-11 18:52:16.731 [main] loggerLoad - user is on Home Page after Linked List
[INFO ] 2023-05-11 18:52:16.866 [main] loggerLoad - User os on Stack Page
[INFO ] 2023-05-11 18:52:16.873 [main] loggerLoad - user checking functionality
[INFO ] 2023-05-11 18:52:17.210 [main] loggerLoad - User is on tryeditor page
[INFO ] 2023-05-11 18:52:18.339 [main] loggerLoad - User get Output
[INFO ] 2023-05-11 18:52:18.487 [main] loggerLoad - User is on Home page after Stack
[INFO ] 2023-05-11 18:52:20.638 [main] loggerLoad - user is on operation in Queue page
[INFO ] 2023-05-11 18:52:20.960 [main] loggerLoad - User is on tryeditor page
[INFO ] 2023-05-11 18:52:22.094 [main] loggerLoad - User is got the output of the code
[INFO ] 2023-05-11 18:52:22.198 [main] loggerLoad - User is on home page after Queue operation
[INFO ] 2023-05-11 18:52:22.380 [main] loggerLoad - User is on Tree Page
[INFO ] 2023-05-11 18:52:22.388 [main] loggerLoad - User is on Tree page
[INFO ] 2023-05-11 18:52:22.759 [main] loggerLoad - User can enter code
[INFO ] 2023-05-11 18:52:23.999 [main] loggerLoad - User get Output
[INFO ] 2023-05-11 18:52:24.464 [main] loggerLoad - User Redirected to Try Editor
[INFO ] 2023-05-11 18:52:25.623 [main] loggerLoad - User get Output for Terminologies
[INFO ] 2023-05-11 18:52:25.741 [main] loggerLoad - User is on Tree Page
[INFO ] 2023-05-11 18:52:26.039 [main] loggerLoad - User is on Try Editor Page
[INFO ] 2023-05-11 18:52:27.171 [main] loggerLoad - User get Output
[INFO ] 2023-05-11 18:52:27.276 [main] loggerLoad - User is on Home page
[INFO ] 2023-05-11 18:52:27.442 [main] loggerLoad - User is on Graph Page
[INFO ] 2023-05-11 18:52:27.450 [main] loggerLoad - User checking Graph operation
[INFO ] 2023-05-11 18:52:27.810 [main] loggerLoad - User checking Text area
[INFO ] 2023-05-11 18:52:28.942 [main] loggerLoad - User get Output
[INFO ] 2023-05-11 18:52:29.032 [main] loggerLoad - User is on Graph
[INFO ] 2023-05-11 18:52:29.420 [main] loggerLoad - User checking try Editor
[INFO ] 2023-05-11 18:52:30.682 [main] loggerLoad - User get Output
[INFO ] 2023-05-11 18:52:30.769 [main] loggerLoad - User is on Home page
[INFO ] 2023-05-11 18:52:30.923 [main] loggerLoad - User successfully Sign Out from DS algo
[INFO ] 2023-05-11 18:58:09.415 [main] loggerLoad - Test is running on chrome
[INFO ] 2023-05-11 18:58:09.443 [main] loggerLoad - Driver is Intialized
[INFO ] 2023-05-11 18:58:10.729 [main] loggerLoad - User opened DS Algo URL and is trying to Registrer
[INFO ] 2023-05-11 18:58:13.147 [main] loggerLoad - Please fill out this field
[INFO ] 2023-05-11 18:58:20.191 [main] loggerLoad - User is trying with Invalid username
[INFO ] 2023-05-11 18:58:22.871 [main] loggerLoad - User is trying with Invalid password
[INFO ] 2023-05-11 18:58:23.446 [main] loggerLoad - User is trying with Invalid confirm pwd
[INFO ] 2023-05-11 18:58:24.283 [main] loggerLoad - User successfully created New Account
[INFO ] 2023-05-11 18:58:24.473 [main] loggerLoad - User opens with Invalid username
[INFO ] 2023-05-11 18:58:24.478 [main] loggerLoad - User opens with Invalid password
[INFO ] 2023-05-11 18:58:24.479 [main] loggerLoad - User opens with Invalid confirm pwd
[INFO ] 2023-05-11 18:58:24.479 [main] loggerLoad - User opens valid credentials
[INFO ] 2023-05-11 18:58:24.599 [main] loggerLoad - User is in home page
[INFO ] 2023-05-11 18:58:26.285 [main] loggerLoad - User is Home  Page
[INFO ] 2023-05-11 18:58:26.499 [main] loggerLoad - User is on Data Structure Introduction Page
[INFO ] 2023-05-11 18:58:26.542 [main] loggerLoad - User is on Data Structure Introduction Page after login
[INFO ] 2023-05-11 18:58:26.783 [main] loggerLoad - User is on Data Structure Time Complexity
[INFO ] 2023-05-11 18:58:29.625 [main] loggerLoad - data structure phython code run success
[INFO ] 2023-05-11 18:58:29.754 [main] loggerLoad - User is Home  Page
[INFO ] 2023-05-11 18:58:29.948 [main] loggerLoad - User redirects to array Page
[INFO ] 2023-05-11 18:58:29.960 [main] loggerLoad - User is array phython Page
[INFO ] 2023-05-11 18:58:30.567 [main] loggerLoad - User runs code successfully
[INFO ] 2023-05-11 18:58:31.093 [main] loggerLoad - User redirects to practice qns search array Page
[INFO ] 2023-05-11 18:58:31.245 [main] loggerLoad - User is on Home page
[INFO ] 2023-05-11 18:58:31.457 [main] loggerLoad - User is on Linked List page
[INFO ] 2023-05-11 18:58:31.746 [main] loggerLoad - User is on Introduction Linked List Page
[INFO ] 2023-05-11 18:58:31.964 [main] loggerLoad - User is on page having tryeditor with run button
[INFO ] 2023-05-11 18:58:31.964 [main] loggerLoad - User is sending code
[INFO ] 2023-05-11 18:58:32.179 [main] loggerLoad - User received output
[INFO ] 2023-05-11 18:58:32.303 [main] loggerLoad - User is on Linked List page
[INFO ] 2023-05-11 18:58:32.664 [main] loggerLoad - User is on creating Linked List page
[INFO ] 2023-05-11 18:58:32.843 [main] loggerLoad - user navigate to tryeditor and run button
[INFO ] 2023-05-11 18:58:34.188 [main] loggerLoad - user is on Home Page after Linked List
[INFO ] 2023-05-11 18:58:34.486 [main] loggerLoad - User os on Stack Page
[INFO ] 2023-05-11 18:58:34.493 [main] loggerLoad - user checking functionality
[INFO ] 2023-05-11 18:58:34.887 [main] loggerLoad - User is on tryeditor page
[INFO ] 2023-05-11 18:58:36.052 [main] loggerLoad - User get Output
[INFO ] 2023-05-11 18:58:36.168 [main] loggerLoad - User is on Home page after Stack
[INFO ] 2023-05-11 18:58:38.351 [main] loggerLoad - user is on operation in Queue page
[INFO ] 2023-05-11 18:58:38.793 [main] loggerLoad - User is on tryeditor page
[INFO ] 2023-05-11 18:58:39.983 [main] loggerLoad - User is got the output of the code
[INFO ] 2023-05-11 18:58:40.110 [main] loggerLoad - User is on home page after Queue operation
[INFO ] 2023-05-11 18:58:40.273 [main] loggerLoad - User is on Tree Page
[INFO ] 2023-05-11 18:58:40.282 [main] loggerLoad - User is on Tree page
[INFO ] 2023-05-11 18:58:40.723 [main] loggerLoad - User can enter code
[INFO ] 2023-05-11 18:58:42.033 [main] loggerLoad - User get Output
[INFO ] 2023-05-11 18:58:42.543 [main] loggerLoad - User Redirected to Try Editor
[INFO ] 2023-05-11 18:58:43.750 [main] loggerLoad - User get Output for Terminologies
[INFO ] 2023-05-11 18:58:43.876 [main] loggerLoad - User is on Tree Page
[INFO ] 2023-05-11 18:58:44.242 [main] loggerLoad - User is on Try Editor Page
[INFO ] 2023-05-11 18:58:45.440 [main] loggerLoad - User get Output
[INFO ] 2023-05-11 18:58:45.557 [main] loggerLoad - User is on Home page
[INFO ] 2023-05-11 18:58:45.716 [main] loggerLoad - User is on Graph Page
[INFO ] 2023-05-11 18:58:45.726 [main] loggerLoad - User checking Graph operation
[INFO ] 2023-05-11 18:58:46.081 [main] loggerLoad - User checking Text area
[INFO ] 2023-05-11 18:58:47.257 [main] loggerLoad - User get Output
[INFO ] 2023-05-11 18:58:47.371 [main] loggerLoad - User is on Graph
[INFO ] 2023-05-11 18:58:47.822 [main] loggerLoad - User checking try Editor
[INFO ] 2023-05-11 18:58:49.048 [main] loggerLoad - User get Output
[INFO ] 2023-05-11 18:58:49.152 [main] loggerLoad - User is on Home page
[INFO ] 2023-05-11 18:58:49.352 [main] loggerLoad - User successfully Sign Out from DS algo
[INFO ] 2023-05-11 19:03:24.288 [main] loggerLoad - Test is running on chrome
[INFO ] 2023-05-11 19:03:24.299 [main] loggerLoad - Driver is Intialized
[INFO ] 2023-05-11 19:03:25.829 [main] loggerLoad - User opened DS Algo URL and is trying to Registrer
[INFO ] 2023-05-11 19:03:28.231 [main] loggerLoad - Please fill out this field
[INFO ] 2023-05-11 19:03:33.137 [main] loggerLoad - User is trying with Invalid username
[INFO ] 2023-05-11 19:03:35.795 [main] loggerLoad - User is trying with Invalid password
[INFO ] 2023-05-11 19:03:36.346 [main] loggerLoad - User is trying with Invalid confirm pwd
[INFO ] 2023-05-11 19:03:37.148 [main] loggerLoad - User successfully created New Account
[INFO ] 2023-05-11 19:03:37.335 [main] loggerLoad - User opens with Invalid username
[INFO ] 2023-05-11 19:03:37.335 [main] loggerLoad - User opens with Invalid password
[INFO ] 2023-05-11 19:03:37.336 [main] loggerLoad - User opens with Invalid confirm pwd
[INFO ] 2023-05-11 19:03:37.336 [main] loggerLoad - User opens valid credentials
[INFO ] 2023-05-11 19:03:37.486 [main] loggerLoad - User is in home page
[INFO ] 2023-05-11 19:03:39.104 [main] loggerLoad - User is Home  Page
[INFO ] 2023-05-11 19:03:39.284 [main] loggerLoad - User is on Data Structure Introduction Page
[INFO ] 2023-05-11 19:03:39.298 [main] loggerLoad - User is on Data Structure Introduction Page after login
[INFO ] 2023-05-11 19:03:39.493 [main] loggerLoad - User is on Data Structure Time Complexity
[INFO ] 2023-05-11 19:03:42.259 [main] loggerLoad - data structure phython code run success
[INFO ] 2023-05-11 19:03:42.484 [main] loggerLoad - User is Home  Page
[INFO ] 2023-05-11 19:03:42.910 [main] loggerLoad - User redirects to array Page
[INFO ] 2023-05-11 19:03:42.923 [main] loggerLoad - User is array phython Page
[INFO ] 2023-05-11 19:03:43.944 [main] loggerLoad - User runs code successfully
[INFO ] 2023-05-11 19:03:44.768 [main] loggerLoad - User redirects to practice qns search array Page
[INFO ] 2023-05-11 19:03:44.919 [main] loggerLoad - User is on Home page
[INFO ] 2023-05-11 19:03:45.195 [main] loggerLoad - User is on Linked List page
[INFO ] 2023-05-11 19:03:45.429 [main] loggerLoad - User is on Introduction Linked List Page
[INFO ] 2023-05-11 19:03:45.658 [main] loggerLoad - User is on page having tryeditor with run button
[INFO ] 2023-05-11 19:03:45.659 [main] loggerLoad - User is sending code
[INFO ] 2023-05-11 19:03:45.895 [main] loggerLoad - User received output
[INFO ] 2023-05-11 19:03:46.045 [main] loggerLoad - User is on Linked List page
[INFO ] 2023-05-11 19:03:46.385 [main] loggerLoad - User is on creating Linked List page
[INFO ] 2023-05-11 19:03:46.648 [main] loggerLoad - user navigate to tryeditor and run button
[INFO ] 2023-05-11 19:03:47.984 [main] loggerLoad - user is on Home Page after Linked List
[INFO ] 2023-05-11 19:03:48.163 [main] loggerLoad - User os on Stack Page
[INFO ] 2023-05-11 19:03:48.175 [main] loggerLoad - user checking functionality
[INFO ] 2023-05-11 19:03:48.676 [main] loggerLoad - User is on tryeditor page
[INFO ] 2023-05-11 19:03:49.920 [main] loggerLoad - User get Output
[INFO ] 2023-05-11 19:03:50.042 [main] loggerLoad - User is on Home page after Stack
[INFO ] 2023-05-11 19:03:52.232 [main] loggerLoad - user is on operation in Queue page
[INFO ] 2023-05-11 19:03:52.684 [main] loggerLoad - User is on tryeditor page
[INFO ] 2023-05-11 19:03:53.874 [main] loggerLoad - User is got the output of the code
[INFO ] 2023-05-11 19:03:54.028 [main] loggerLoad - User is on home page after Queue operation
[INFO ] 2023-05-11 19:03:54.253 [main] loggerLoad - User is on Tree Page
[INFO ] 2023-05-11 19:03:54.263 [main] loggerLoad - User is on Tree page
[INFO ] 2023-05-11 19:03:54.785 [main] loggerLoad - User can enter code
[INFO ] 2023-05-11 19:03:56.014 [main] loggerLoad - User get Output
[INFO ] 2023-05-11 19:03:56.669 [main] loggerLoad - User Redirected to Try Editor
[INFO ] 2023-05-11 19:03:57.926 [main] loggerLoad - User get Output for Terminologies
[INFO ] 2023-05-11 19:03:58.068 [main] loggerLoad - User is on Tree Page
[INFO ] 2023-05-11 19:03:58.436 [main] loggerLoad - User is on Try Editor Page
[INFO ] 2023-05-11 19:03:59.645 [main] loggerLoad - User get Output
[INFO ] 2023-05-11 19:03:59.785 [main] loggerLoad - User is on Home page
[INFO ] 2023-05-11 19:03:59.971 [main] loggerLoad - User is on Graph Page
[INFO ] 2023-05-11 19:03:59.978 [main] loggerLoad - User checking Graph operation
[INFO ] 2023-05-11 19:04:00.430 [main] loggerLoad - User checking Text area
[INFO ] 2023-05-11 19:04:01.621 [main] loggerLoad - User get Output
[INFO ] 2023-05-11 19:04:01.730 [main] loggerLoad - User is on Graph
[INFO ] 2023-05-11 19:04:02.174 [main] loggerLoad - User checking try Editor
[INFO ] 2023-05-11 19:04:03.368 [main] loggerLoad - User get Output
[INFO ] 2023-05-11 19:04:03.550 [main] loggerLoad - User is on Home page
[INFO ] 2023-05-11 19:04:03.742 [main] loggerLoad - User successfully Sign Out from DS algo
[INFO ] 2023-05-12 13:21:06.073 [main] loggerLoad - Test is running on chrome
[INFO ] 2023-05-12 13:21:06.105 [main] loggerLoad - Driver is Intialized
[INFO ] 2023-05-12 13:21:07.522 [main] loggerLoad - User opened DS Algo URL and is trying to Registrer
[INFO ] 2023-05-12 13:21:10.035 [main] loggerLoad - Please fill out this field
[INFO ] 2023-05-12 13:21:16.278 [main] loggerLoad - User is trying with Invalid username
[INFO ] 2023-05-12 13:21:19.131 [main] loggerLoad - User is trying with Invalid password
[INFO ] 2023-05-12 13:21:19.960 [main] loggerLoad - User is trying with Invalid confirm pwd
[INFO ] 2023-05-12 13:21:20.779 [main] loggerLoad - User successfully created New Account
[INFO ] 2023-05-12 13:21:20.961 [main] loggerLoad - User opens with Invalid username
[INFO ] 2023-05-12 13:21:20.961 [main] loggerLoad - User opens with Invalid password
[INFO ] 2023-05-12 13:21:20.962 [main] loggerLoad - User opens with Invalid confirm pwd
[INFO ] 2023-05-12 13:21:20.963 [main] loggerLoad - User opens valid credentials
[INFO ] 2023-05-12 13:21:21.078 [main] loggerLoad - User is in home page
[INFO ] 2023-05-12 13:21:22.987 [main] loggerLoad - User is Home  Page
[INFO ] 2023-05-12 13:21:23.181 [main] loggerLoad - User is on Data Structure Introduction Page
[INFO ] 2023-05-12 13:21:23.192 [main] loggerLoad - User is on Data Structure Introduction Page after login
[INFO ] 2023-05-12 13:21:23.392 [main] loggerLoad - User is on Data Structure Time Complexity
[INFO ] 2023-05-12 13:21:26.265 [main] loggerLoad - data structure phython code run success
[INFO ] 2023-05-12 13:21:26.385 [main] loggerLoad - User is Home  Page
[INFO ] 2023-05-12 13:21:26.603 [main] loggerLoad - User redirects to array Page
[INFO ] 2023-05-12 13:21:26.612 [main] loggerLoad - User is array phython Page
[INFO ] 2023-05-12 13:21:27.285 [main] loggerLoad - User runs code successfully
[INFO ] 2023-05-12 13:21:27.960 [main] loggerLoad - User redirects to practice qns search array Page
[INFO ] 2023-05-12 13:21:28.081 [main] loggerLoad - User is on Home page
[INFO ] 2023-05-12 13:21:28.315 [main] loggerLoad - User is on Linked List page
[INFO ] 2023-05-12 13:21:28.590 [main] loggerLoad - User is on Introduction Linked List Page
[INFO ] 2023-05-12 13:21:28.794 [main] loggerLoad - User is on page having tryeditor with run button
[INFO ] 2023-05-12 13:21:28.795 [main] loggerLoad - User is sending code
[INFO ] 2023-05-12 13:21:29.018 [main] loggerLoad - User received output
[INFO ] 2023-05-12 13:21:29.149 [main] loggerLoad - User is on Linked List page
[INFO ] 2023-05-12 13:21:29.489 [main] loggerLoad - User is on creating Linked List page
[INFO ] 2023-05-12 13:21:29.682 [main] loggerLoad - user navigate to tryeditor and run button
[INFO ] 2023-05-12 13:21:31.212 [main] loggerLoad - user is on Home Page after Linked List
[INFO ] 2023-05-12 13:21:31.402 [main] loggerLoad - User os on Stack Page
[INFO ] 2023-05-12 13:21:31.410 [main] loggerLoad - user checking functionality
[INFO ] 2023-05-12 13:21:31.830 [main] loggerLoad - User is on tryeditor page
[INFO ] 2023-05-12 13:21:33.004 [main] loggerLoad - User get Output
[INFO ] 2023-05-12 13:21:33.113 [main] loggerLoad - User is on Home page after Stack
[INFO ] 2023-05-12 13:21:35.295 [main] loggerLoad - user is on operation in Queue page
[INFO ] 2023-05-12 13:21:35.664 [main] loggerLoad - User is on tryeditor page
[INFO ] 2023-05-12 13:21:36.845 [main] loggerLoad - User is got the output of the code
[INFO ] 2023-05-12 13:21:36.981 [main] loggerLoad - User is on home page after Queue operation
[INFO ] 2023-05-12 13:21:37.175 [main] loggerLoad - User is on Tree Page
[INFO ] 2023-05-12 13:21:37.184 [main] loggerLoad - User is on Tree page
[INFO ] 2023-05-12 13:21:37.564 [main] loggerLoad - User can enter code
[INFO ] 2023-05-12 13:21:38.875 [main] loggerLoad - User get Output
[INFO ] 2023-05-12 13:21:39.397 [main] loggerLoad - User Redirected to Try Editor
[INFO ] 2023-05-12 13:21:40.665 [main] loggerLoad - User get Output for Terminologies
[INFO ] 2023-05-12 13:21:40.813 [main] loggerLoad - User is on Tree Page
[INFO ] 2023-05-12 13:21:41.177 [main] loggerLoad - User is on Try Editor Page
[INFO ] 2023-05-12 13:21:42.376 [main] loggerLoad - User get Output
[INFO ] 2023-05-12 13:21:42.500 [main] loggerLoad - User is on Home page
[INFO ] 2023-05-12 13:21:42.675 [main] loggerLoad - User is on Graph Page
[INFO ] 2023-05-12 13:21:42.710 [main] loggerLoad - User checking Graph operation
[INFO ] 2023-05-12 13:21:43.141 [main] loggerLoad - User checking Text area
[INFO ] 2023-05-12 13:21:44.320 [main] loggerLoad - User get Output
[INFO ] 2023-05-12 13:21:44.428 [main] loggerLoad - User is on Graph
[INFO ] 2023-05-12 13:21:45.902 [main] loggerLoad - User checking try Editor
[INFO ] 2023-05-12 13:21:47.186 [main] loggerLoad - User get Output
[INFO ] 2023-05-12 13:21:47.294 [main] loggerLoad - User is on Home page
[INFO ] 2023-05-12 13:21:47.468 [main] loggerLoad - User successfully Sign Out from DS algo
[INFO ] 2023-05-18 13:23:37.839 [main] loggerLoad - Test is running on chrome
[INFO ] 2023-05-18 13:23:37.841 [main] loggerLoad - Driver is Intialized
[INFO ] 2023-05-18 13:23:37.957 [main] loggerLoad - User is Home  Page
[INFO ] 2023-05-18 13:23:47.076 [main] loggerLoad - User is array phython Page
[INFO ] 2023-05-18 13:24:47.163 [main] loggerLoad - Test is running on chrome
[INFO ] 2023-05-18 13:24:47.166 [main] loggerLoad - Driver is Intialized
[INFO ] 2023-05-18 13:24:48.020 [main] loggerLoad - User opened DS Algo URL and is trying to Registrer
[INFO ] 2023-05-18 13:24:50.384 [main] loggerLoad - Please fill out this field
[INFO ] 2023-05-18 13:24:54.082 [main] loggerLoad - User is trying with Invalid password
[INFO ] 2023-05-18 13:24:54.104 [main] loggerLoad - User opens with Invalid username
[INFO ] 2023-05-18 13:24:54.105 [main] loggerLoad - User opens with Invalid password
[INFO ] 2023-05-18 13:24:54.105 [main] loggerLoad - User opens with Invalid confirm pwd
[INFO ] 2023-05-18 13:24:54.105 [main] loggerLoad - User opens valid credentials
[INFO ] 2023-05-18 13:24:54.123 [main] loggerLoad - User is Home  Page
[INFO ] 2023-05-18 13:24:54.133 [main] loggerLoad - User is on Data Structure Introduction Page after login
[INFO ] 2023-05-18 13:24:54.144 [main] loggerLoad - User is Home  Page
[INFO ] 2023-05-18 13:24:54.154 [main] loggerLoad - User is array phython Page
[INFO ] 2023-05-18 13:24:54.174 [main] loggerLoad - User is on Home page
[INFO ] 2023-05-18 13:24:54.226 [main] loggerLoad - user is on Home Page after Linked List
[INFO ] 2023-05-18 13:24:54.234 [main] loggerLoad - user checking functionality
[INFO ] 2023-05-18 13:24:54.253 [main] loggerLoad - User is on Home page after Stack
[INFO ] 2023-05-18 13:24:54.285 [main] loggerLoad - User is on home page after Queue operation
[INFO ] 2023-05-18 13:24:54.294 [main] loggerLoad - User is on Tree page
[INFO ] 2023-05-18 13:24:54.334 [main] loggerLoad - User is on Tree Page
[INFO ] 2023-05-18 13:24:54.355 [main] loggerLoad - User is on Home page
[INFO ] 2023-05-18 13:24:54.365 [main] loggerLoad - User checking Graph operation
[INFO ] 2023-05-18 13:24:54.384 [main] loggerLoad - User is on Graph
[INFO ] 2023-05-18 13:24:54.405 [main] loggerLoad - User is on Home page
[INFO ] 2023-05-18 13:25:44.223 [main] loggerLoad - Test is running on chrome
[INFO ] 2023-05-18 13:25:44.225 [main] loggerLoad - Driver is Intialized
[INFO ] 2023-05-18 13:25:45.023 [main] loggerLoad - User opened DS Algo URL and is trying to Registrer
[INFO ] 2023-05-18 13:25:47.345 [main] loggerLoad - Please fill out this field
[INFO ] 2023-05-18 13:25:51.121 [main] loggerLoad - User is trying with Invalid username
[INFO ] 2023-05-18 13:25:53.608 [main] loggerLoad - User is trying with Invalid password
[INFO ] 2023-05-18 13:25:54.062 [main] loggerLoad - User is trying with Invalid confirm pwd
[INFO ] 2023-05-18 13:25:54.708 [main] loggerLoad - User successfully created New Account
[INFO ] 2023-05-18 13:25:54.860 [main] loggerLoad - User opens with Invalid username
[INFO ] 2023-05-18 13:25:54.860 [main] loggerLoad - User opens with Invalid password
[INFO ] 2023-05-18 13:25:54.861 [main] loggerLoad - User opens with Invalid confirm pwd
[INFO ] 2023-05-18 13:25:54.861 [main] loggerLoad - User opens valid credentials
[INFO ] 2023-05-18 13:25:54.942 [main] loggerLoad - User is in home page
[INFO ] 2023-05-18 13:25:56.506 [main] loggerLoad - User is Home  Page
[INFO ] 2023-05-18 13:25:56.840 [main] loggerLoad - User is on Data Structure Introduction Page
[INFO ] 2023-05-18 13:25:56.845 [main] loggerLoad - User is on Data Structure Introduction Page after login
[INFO ] 2023-05-18 13:25:57.025 [main] loggerLoad - User is on Data Structure Time Complexity
[INFO ] 2023-05-18 13:26:00.049 [main] loggerLoad - data structure phython code run success
[INFO ] 2023-05-18 13:26:00.243 [main] loggerLoad - User is Home  Page
[INFO ] 2023-05-18 13:26:00.456 [main] loggerLoad - User redirects to array Page
[INFO ] 2023-05-18 13:26:00.462 [main] loggerLoad - User is array phython Page
[INFO ] 2023-05-18 13:26:00.927 [main] loggerLoad - User runs code successfully
[INFO ] 2023-05-18 13:26:01.473 [main] loggerLoad - User redirects to practice qns search array Page
[INFO ] 2023-05-18 13:26:01.573 [main] loggerLoad - User is on Home page
[INFO ] 2023-05-18 13:26:01.772 [main] loggerLoad - User is on Linked List page
[INFO ] 2023-05-18 13:26:01.979 [main] loggerLoad - User is on Introduction Linked List Page
[INFO ] 2023-05-18 13:26:02.139 [main] loggerLoad - User is on page having tryeditor with run button
[INFO ] 2023-05-18 13:26:02.139 [main] loggerLoad - User is sending code
[INFO ] 2023-05-18 13:26:02.306 [main] loggerLoad - User received output
[INFO ] 2023-05-18 13:26:02.414 [main] loggerLoad - User is on Linked List page
[INFO ] 2023-05-18 13:26:02.677 [main] loggerLoad - User is on creating Linked List page
[INFO ] 2023-05-18 13:26:02.843 [main] loggerLoad - user navigate to tryeditor and run button
[INFO ] 2023-05-18 13:26:04.100 [main] loggerLoad - user is on Home Page after Linked List
[INFO ] 2023-05-18 13:26:04.245 [main] loggerLoad - User os on Stack Page
[INFO ] 2023-05-18 13:26:04.250 [main] loggerLoad - user checking functionality
[INFO ] 2023-05-18 13:26:04.583 [main] loggerLoad - User is on tryeditor page
[INFO ] 2023-05-18 13:26:05.692 [main] loggerLoad - User get Output
[INFO ] 2023-05-18 13:26:05.776 [main] loggerLoad - User is on Home page after Stack
[INFO ] 2023-05-18 13:26:07.935 [main] loggerLoad - user is on operation in Queue page
[INFO ] 2023-05-18 13:26:08.255 [main] loggerLoad - User is on tryeditor page
[INFO ] 2023-05-18 13:26:09.356 [main] loggerLoad - User is got the output of the code
[INFO ] 2023-05-18 13:26:09.461 [main] loggerLoad - User is on home page after Queue operation
[INFO ] 2023-05-18 13:26:09.620 [main] loggerLoad - User is on Tree Page
[INFO ] 2023-05-18 13:26:09.632 [main] loggerLoad - User is on Tree page
[INFO ] 2023-05-18 13:26:09.967 [main] loggerLoad - User can enter code
[INFO ] 2023-05-18 13:26:11.096 [main] loggerLoad - User get Output
[INFO ] 2023-05-18 13:26:11.529 [main] loggerLoad - User Redirected to Try Editor
[INFO ] 2023-05-18 13:26:12.663 [main] loggerLoad - User get Output for Terminologies
[INFO ] 2023-05-18 13:26:12.787 [main] loggerLoad - User is on Tree Page
[INFO ] 2023-05-18 13:26:13.117 [main] loggerLoad - User is on Try Editor Page
[INFO ] 2023-05-18 13:26:14.298 [main] loggerLoad - User get Output
[INFO ] 2023-05-18 13:26:14.399 [main] loggerLoad - User is on Home page
[INFO ] 2023-05-18 13:26:14.558 [main] loggerLoad - User is on Graph Page
[INFO ] 2023-05-18 13:26:14.562 [main] loggerLoad - User checking Graph operation
[INFO ] 2023-05-18 13:26:14.891 [main] loggerLoad - User checking Text area
[INFO ] 2023-05-18 13:26:16.012 [main] loggerLoad - User get Output
[INFO ] 2023-05-18 13:26:16.112 [main] loggerLoad - User is on Graph
[INFO ] 2023-05-18 13:26:16.483 [main] loggerLoad - User checking try Editor
[INFO ] 2023-05-18 13:26:17.614 [main] loggerLoad - User get Output
[INFO ] 2023-05-18 13:26:17.701 [main] loggerLoad - User is on Home page
[INFO ] 2023-05-18 13:26:17.860 [main] loggerLoad - User successfully Sign Out from DS algo
[INFO ] 2023-05-18 13:26:50.205 [main] loggerLoad - Test is running on chrome
[INFO ] 2023-05-18 13:26:50.207 [main] loggerLoad - Driver is Intialized
[INFO ] 2023-05-18 13:26:51.278 [main] loggerLoad - User opened DS Algo URL and is trying to Registrer
[INFO ] 2023-05-18 13:26:53.651 [main] loggerLoad - Please fill out this field
[INFO ] 2023-05-18 13:26:57.643 [main] loggerLoad - User is trying with Invalid username
[INFO ] 2023-05-18 13:27:00.155 [main] loggerLoad - User is trying with Invalid password
[INFO ] 2023-05-18 13:27:00.589 [main] loggerLoad - User is trying with Invalid confirm pwd
[INFO ] 2023-05-18 13:27:01.258 [main] loggerLoad - User successfully created New Account
[INFO ] 2023-05-18 13:27:01.412 [main] loggerLoad - User opens with Invalid username
[INFO ] 2023-05-18 13:27:01.413 [main] loggerLoad - User opens with Invalid password
[INFO ] 2023-05-18 13:27:01.414 [main] loggerLoad - User opens with Invalid confirm pwd
[INFO ] 2023-05-18 13:27:01.415 [main] loggerLoad - User opens valid credentials
[INFO ] 2023-05-18 13:27:01.495 [main] loggerLoad - User is in home page
[INFO ] 2023-05-18 13:27:03.033 [main] loggerLoad - User is Home  Page
[INFO ] 2023-05-18 13:27:03.373 [main] loggerLoad - User is on Data Structure Introduction Page
[INFO ] 2023-05-18 13:27:03.378 [main] loggerLoad - User is on Data Structure Introduction Page after login
[INFO ] 2023-05-18 13:27:03.546 [main] loggerLoad - User is on Data Structure Time Complexity
[INFO ] 2023-05-18 13:27:06.246 [main] loggerLoad - data structure phython code run success
[INFO ] 2023-05-18 13:27:06.338 [main] loggerLoad - User is Home  Page
[INFO ] 2023-05-18 13:27:06.527 [main] loggerLoad - User redirects to array Page
[INFO ] 2023-05-18 13:27:06.533 [main] loggerLoad - User is array phython Page
[INFO ] 2023-05-18 13:27:07.056 [main] loggerLoad - User runs code successfully
[INFO ] 2023-05-18 13:27:07.528 [main] loggerLoad - User redirects to practice qns search array Page
[INFO ] 2023-05-18 13:27:07.623 [main] loggerLoad - User is on Home page
[INFO ] 2023-05-18 13:27:07.805 [main] loggerLoad - User is on Linked List page
[INFO ] 2023-05-18 13:27:07.995 [main] loggerLoad - User is on Introduction Linked List Page
[INFO ] 2023-05-18 13:27:08.162 [main] loggerLoad - User is on page having tryeditor with run button
[INFO ] 2023-05-18 13:27:08.165 [main] loggerLoad - User is sending code
[INFO ] 2023-05-18 13:27:08.324 [main] loggerLoad - User received output
[INFO ] 2023-05-18 13:27:08.457 [main] loggerLoad - User is on Linked List page
[INFO ] 2023-05-18 13:27:08.761 [main] loggerLoad - User is on creating Linked List page
[INFO ] 2023-05-18 13:27:08.946 [main] loggerLoad - user navigate to tryeditor and run button
[INFO ] 2023-05-18 13:27:10.215 [main] loggerLoad - user is on Home Page after Linked List
[INFO ] 2023-05-18 13:27:10.396 [main] loggerLoad - User os on Stack Page
[INFO ] 2023-05-18 13:27:10.402 [main] loggerLoad - user checking functionality
[INFO ] 2023-05-18 13:27:10.816 [main] loggerLoad - User is on tryeditor page
[INFO ] 2023-05-18 13:27:11.965 [main] loggerLoad - User get Output
[INFO ] 2023-05-18 13:27:12.219 [main] loggerLoad - User is on Home page after Stack
[INFO ] 2023-05-18 13:27:14.387 [main] loggerLoad - user is on operation in Queue page
[INFO ] 2023-05-18 13:27:14.720 [main] loggerLoad - User is on tryeditor page
[INFO ] 2023-05-18 13:27:15.833 [main] loggerLoad - User is got the output of the code
[INFO ] 2023-05-18 13:27:15.941 [main] loggerLoad - User is on home page after Queue operation
[INFO ] 2023-05-18 13:27:16.095 [main] loggerLoad - User is on Tree Page
[INFO ] 2023-05-18 13:27:16.105 [main] loggerLoad - User is on Tree page
[INFO ] 2023-05-18 13:27:16.479 [main] loggerLoad - User can enter code
[INFO ] 2023-05-18 13:27:17.624 [main] loggerLoad - User get Output
[INFO ] 2023-05-18 13:27:18.188 [main] loggerLoad - User Redirected to Try Editor
[INFO ] 2023-05-18 13:27:19.353 [main] loggerLoad - User get Output for Terminologies
[INFO ] 2023-05-18 13:27:19.468 [main] loggerLoad - User is on Tree Page
[INFO ] 2023-05-18 13:27:19.776 [main] loggerLoad - User is on Try Editor Page
[INFO ] 2023-05-18 13:27:20.909 [main] loggerLoad - User get Output
[INFO ] 2023-05-18 13:27:21.000 [main] loggerLoad - User is on Home page
[INFO ] 2023-05-18 13:27:21.157 [main] loggerLoad - User is on Graph Page
[INFO ] 2023-05-18 13:27:21.161 [main] loggerLoad - User checking Graph operation
[INFO ] 2023-05-18 13:27:21.476 [main] loggerLoad - User checking Text area
[INFO ] 2023-05-18 13:27:22.583 [main] loggerLoad - User get Output
[INFO ] 2023-05-18 13:27:22.737 [main] loggerLoad - User is on Graph
[INFO ] 2023-05-18 13:27:23.173 [main] loggerLoad - User checking try Editor
[INFO ] 2023-05-18 13:27:24.332 [main] loggerLoad - User get Output
[INFO ] 2023-05-18 13:27:24.460 [main] loggerLoad - User is on Home page
[INFO ] 2023-05-18 13:27:24.608 [main] loggerLoad - User successfully Sign Out from DS algo
[INFO ] 2023-05-18 13:27:52.309 [main] loggerLoad - Test is running on chrome
[INFO ] 2023-05-18 13:27:52.310 [main] loggerLoad - Driver is Intialized
[INFO ] 2023-05-18 13:27:53.159 [main] loggerLoad - User opened DS Algo URL and is trying to Registrer
[INFO ] 2023-05-18 13:27:55.519 [main] loggerLoad - Please fill out this field
[INFO ] 2023-05-18 13:27:59.568 [main] loggerLoad - User is trying with Invalid username
[INFO ] 2023-05-18 13:28:02.114 [main] loggerLoad - User is trying with Invalid password
[INFO ] 2023-05-18 13:28:02.547 [main] loggerLoad - User is trying with Invalid confirm pwd
[INFO ] 2023-05-18 13:28:03.218 [main] loggerLoad - User successfully created New Account
[INFO ] 2023-05-18 13:28:03.380 [main] loggerLoad - User opens with Invalid username
[INFO ] 2023-05-18 13:28:03.381 [main] loggerLoad - User opens with Invalid password
[INFO ] 2023-05-18 13:28:03.382 [main] loggerLoad - User opens with Invalid confirm pwd
[INFO ] 2023-05-18 13:28:03.382 [main] loggerLoad - User opens valid credentials
[INFO ] 2023-05-18 13:28:03.468 [main] loggerLoad - User is in home page
[INFO ] 2023-05-18 13:28:05.032 [main] loggerLoad - User is Home  Page
[INFO ] 2023-05-18 13:28:05.207 [main] loggerLoad - User is on Data Structure Introduction Page
[INFO ] 2023-05-18 13:28:05.212 [main] loggerLoad - User is on Data Structure Introduction Page after login
[INFO ] 2023-05-18 13:28:05.374 [main] loggerLoad - User is on Data Structure Time Complexity
[INFO ] 2023-05-18 13:28:08.405 [main] loggerLoad - data structure phython code run success
[INFO ] 2023-05-18 13:28:08.534 [main] loggerLoad - User is Home  Page
[INFO ] 2023-05-18 13:28:08.741 [main] loggerLoad - User redirects to array Page
[INFO ] 2023-05-18 13:28:08.746 [main] loggerLoad - User is array phython Page
[INFO ] 2023-05-18 13:28:09.227 [main] loggerLoad - User runs code successfully
[INFO ] 2023-05-18 13:28:09.338 [main] loggerLoad - User is array phython Page
[INFO ] 2023-05-18 13:28:39.796 [main] loggerLoad - User is on Home page
[INFO ] 2023-05-18 13:29:40.250 [main] loggerLoad - User received output
[INFO ] 2023-05-18 13:30:40.554 [main] loggerLoad - user is on Home Page after Linked List
[INFO ] 2023-05-18 13:31:10.621 [main] loggerLoad - user checking functionality
[INFO ] 2023-05-18 13:32:08.401 [main] loggerLoad - Test is running on chrome
[INFO ] 2023-05-18 13:32:08.413 [main] loggerLoad - Driver is Intialized
[INFO ] 2023-05-18 13:32:09.288 [main] loggerLoad - User opened DS Algo URL and is trying to Registrer
[INFO ] 2023-05-18 13:32:10.737 [main] loggerLoad - User is on Home page after Stack
[INFO ] 2023-05-18 13:32:11.639 [main] loggerLoad - Please fill out this field
[INFO ] 2023-05-18 13:32:15.533 [main] loggerLoad - User is trying with Invalid username
[INFO ] 2023-05-18 13:32:18.060 [main] loggerLoad - User is trying with Invalid password
[INFO ] 2023-05-18 13:32:18.551 [main] loggerLoad - User is trying with Invalid confirm pwd
[INFO ] 2023-05-18 13:32:19.257 [main] loggerLoad - User successfully created New Account
[INFO ] 2023-05-18 13:32:19.419 [main] loggerLoad - User opens with Invalid username
[INFO ] 2023-05-18 13:32:19.419 [main] loggerLoad - User opens with Invalid password
[INFO ] 2023-05-18 13:32:19.419 [main] loggerLoad - User opens with Invalid confirm pwd
[INFO ] 2023-05-18 13:32:19.419 [main] loggerLoad - User opens valid credentials
[INFO ] 2023-05-18 13:32:19.505 [main] loggerLoad - User is in home page
[INFO ] 2023-05-18 13:32:21.038 [main] loggerLoad - User is Home  Page
[INFO ] 2023-05-18 13:32:21.214 [main] loggerLoad - User is on Data Structure Introduction Page
[INFO ] 2023-05-18 13:32:21.220 [main] loggerLoad - User is on Data Structure Introduction Page after login
[INFO ] 2023-05-18 13:32:21.386 [main] loggerLoad - User is on Data Structure Time Complexity
[INFO ] 2023-05-18 13:32:24.041 [main] loggerLoad - data structure phython code run success
[INFO ] 2023-05-18 13:32:24.151 [main] loggerLoad - User is Home  Page
[INFO ] 2023-05-18 13:32:24.353 [main] loggerLoad - User redirects to array Page
[INFO ] 2023-05-18 13:32:24.359 [main] loggerLoad - User is array phython Page
[INFO ] 2023-05-18 13:32:24.930 [main] loggerLoad - User runs code successfully
[INFO ] 2023-05-18 13:32:25.050 [main] loggerLoad - User is array phython Page
[INFO ] 2023-05-18 13:32:55.412 [main] loggerLoad - User is on Home page
[INFO ] 2023-05-18 13:33:40.930 [main] loggerLoad - User is on home page after Queue operation
[INFO ] 2023-05-18 13:33:55.864 [main] loggerLoad - User received output
[INFO ] 2023-05-18 13:34:10.987 [main] loggerLoad - User is on Tree page
[INFO ] 2023-05-18 13:34:56.064 [main] loggerLoad - user is on Home Page after Linked List
[INFO ] 2023-05-18 13:35:26.143 [main] loggerLoad - user checking functionality
[INFO ] 2023-05-18 13:36:11.319 [main] loggerLoad - User is on Tree Page
[INFO ] 2023-05-18 13:36:26.339 [main] loggerLoad - User is on Home page after Stack
[INFO ] 2023-05-18 13:37:11.429 [main] loggerLoad - User is on Home page
[INFO ] 2023-05-18 13:37:41.443 [main] loggerLoad - User checking Graph operation
[INFO ] 2023-05-18 13:37:56.475 [main] loggerLoad - User is on home page after Queue operation
[INFO ] 2023-05-18 13:38:26.535 [main] loggerLoad - User is on Tree page
[INFO ] 2023-05-18 13:38:41.541 [main] loggerLoad - User is on Graph
[INFO ] 2023-05-18 13:39:41.709 [main] loggerLoad - User is on Home page
[INFO ] 2023-05-18 13:40:26.756 [main] loggerLoad - User is on Tree Page
[INFO ] 2023-05-18 13:41:26.881 [main] loggerLoad - User is on Home page
[INFO ] 2023-05-18 13:41:56.945 [main] loggerLoad - User checking Graph operation
[INFO ] 2023-05-18 13:42:57.104 [main] loggerLoad - User is on Graph
[INFO ] 2023-05-18 13:43:57.194 [main] loggerLoad - User is on Home page
[INFO ] 2023-05-19 12:39:30.327 [main] loggerLoad - Test is running on chrome
[INFO ] 2023-05-19 12:39:30.330 [main] loggerLoad - Driver is Intialized
[INFO ] 2023-05-19 12:39:31.287 [main] loggerLoad - User opened DS Algo URL and is trying to Registrer
[INFO ] 2023-05-19 12:39:33.652 [main] loggerLoad - Please fill out this field
[INFO ] 2023-05-19 12:39:37.609 [main] loggerLoad - User is trying with Invalid username
[INFO ] 2023-05-19 12:39:40.454 [main] loggerLoad - User is trying with Invalid password
[INFO ] 2023-05-19 12:39:41.111 [main] loggerLoad - User is trying with Invalid confirm pwd
[INFO ] 2023-05-19 12:39:41.826 [main] loggerLoad - User successfully created New Account
[INFO ] 2023-05-19 12:39:42.016 [main] loggerLoad - User opens with Invalid username
[INFO ] 2023-05-19 12:39:42.016 [main] loggerLoad - User opens with Invalid password
[INFO ] 2023-05-19 12:39:42.016 [main] loggerLoad - User opens with Invalid confirm pwd
[INFO ] 2023-05-19 12:39:42.017 [main] loggerLoad - User opens valid credentials
[INFO ] 2023-05-19 12:39:42.104 [main] loggerLoad - User is in home page
[INFO ] 2023-05-19 12:39:43.682 [main] loggerLoad - User is Home  Page
[INFO ] 2023-05-19 12:39:43.850 [main] loggerLoad - User is on Data Structure Introduction Page
[INFO ] 2023-05-19 12:39:43.862 [main] loggerLoad - User is on Data Structure Introduction Page after login
[INFO ] 2023-05-19 12:39:44.015 [main] loggerLoad - User is on Data Structure Time Complexity
[INFO ] 2023-05-19 12:39:46.625 [main] loggerLoad - data structure phython code run success
[INFO ] 2023-05-19 12:39:46.736 [main] loggerLoad - User is Home  Page
[INFO ] 2023-05-19 12:39:46.903 [main] loggerLoad - User redirects to array Page
[INFO ] 2023-05-19 12:39:46.911 [main] loggerLoad - User is array phython Page
[INFO ] 2023-05-19 12:39:47.393 [main] loggerLoad - User runs code successfully
[INFO ] 2023-05-19 12:39:47.520 [main] loggerLoad - User is array phython Page
[INFO ] 2023-05-19 12:40:17.817 [main] loggerLoad - User is on Home page
[INFO ] 2023-05-19 12:42:48.391 [main] loggerLoad - user is on Home Page after Linked List
[INFO ] 2023-05-19 12:43:18.524 [main] loggerLoad - user checking functionality
[INFO ] 2023-05-19 12:44:18.694 [main] loggerLoad - User is on Home page after Stack
[INFO ] 2023-05-19 12:45:48.965 [main] loggerLoad - User is on home page after Queue operation
[INFO ] 2023-05-19 12:46:18.419 [main] loggerLoad - User is on Tree page
[INFO ] 2023-05-19 12:46:18.780 [main] loggerLoad - User is on Tree Page
[INFO ] 2023-05-19 12:46:18.859 [main] loggerLoad - User is on Home page
[INFO ] 2023-05-19 12:46:18.891 [main] loggerLoad - User checking Graph operation
[INFO ] 2023-05-19 12:46:18.940 [main] loggerLoad - User is on Graph
[INFO ] 2023-05-19 12:46:18.959 [main] loggerLoad - User is on Home page
[INFO ] 2023-05-19 15:21:19.576 [main] loggerLoad - Test is running on chrome
[INFO ] 2023-05-19 15:21:19.598 [main] loggerLoad - Driver is Intialized
[INFO ] 2023-05-19 15:21:20.266 [main] loggerLoad - Test is running on chrome
[INFO ] 2023-05-19 15:21:20.272 [main] loggerLoad - Driver is Intialized
[INFO ] 2023-05-19 15:21:20.953 [main] loggerLoad - User opened DS Algo URL and is trying to Registrer
[INFO ] 2023-05-19 15:21:21.235 [main] loggerLoad - User opened DS Algo URL and is trying to Registrer
[INFO ] 2023-05-19 15:21:23.534 [main] loggerLoad - Please fill out this field
[INFO ] 2023-05-19 15:21:23.606 [main] loggerLoad - Please fill out this field
[INFO ] 2023-05-19 15:21:27.781 [main] loggerLoad - User is trying with Invalid username
[INFO ] 2023-05-19 15:21:27.788 [main] loggerLoad - User is trying with Invalid username
[INFO ] 2023-05-19 15:21:30.393 [main] loggerLoad - User is trying with Invalid password
[INFO ] 2023-05-19 15:21:30.429 [main] loggerLoad - User is trying with Invalid password
[INFO ] 2023-05-19 15:21:31.014 [main] loggerLoad - User is trying with Invalid confirm pwd
[INFO ] 2023-05-19 15:21:31.028 [main] loggerLoad - User is trying with Invalid confirm pwd
[INFO ] 2023-05-19 15:21:31.899 [main] loggerLoad - User successfully created New Account
[INFO ] 2023-05-19 15:21:31.923 [main] loggerLoad - User successfully created New Account
[INFO ] 2023-05-19 15:21:32.109 [main] loggerLoad - User opens with Invalid username
[INFO ] 2023-05-19 15:21:32.109 [main] loggerLoad - User opens with Invalid password
[INFO ] 2023-05-19 15:21:32.109 [main] loggerLoad - User opens with Invalid confirm pwd
[INFO ] 2023-05-19 15:21:32.109 [main] loggerLoad - User opens valid credentials
[INFO ] 2023-05-19 15:21:32.160 [main] loggerLoad - User opens with Invalid username
[INFO ] 2023-05-19 15:21:32.161 [main] loggerLoad - User opens with Invalid password
[INFO ] 2023-05-19 15:21:32.161 [main] loggerLoad - User opens with Invalid confirm pwd
[INFO ] 2023-05-19 15:21:32.161 [main] loggerLoad - User opens valid credentials
[INFO ] 2023-05-19 15:21:32.233 [main] loggerLoad - User is in home page
[INFO ] 2023-05-19 15:21:32.295 [main] loggerLoad - User is in home page
[INFO ] 2023-05-19 15:21:33.949 [main] loggerLoad - User is Home  Page
[INFO ] 2023-05-19 15:21:33.987 [main] loggerLoad - User is Home  Page
[INFO ] 2023-05-19 15:21:34.258 [main] loggerLoad - User is on Data Structure Introduction Page
[INFO ] 2023-05-19 15:21:34.264 [main] loggerLoad - User is on Data Structure Introduction Page after login
[INFO ] 2023-05-19 15:21:34.289 [main] loggerLoad - User is on Data Structure Introduction Page
[INFO ] 2023-05-19 15:21:34.295 [main] loggerLoad - User is on Data Structure Introduction Page after login
[INFO ] 2023-05-19 15:21:34.494 [main] loggerLoad - User is on Data Structure Time Complexity
[INFO ] 2023-05-19 15:21:34.525 [main] loggerLoad - User is on Data Structure Time Complexity
[INFO ] 2023-05-19 15:21:38.208 [main] loggerLoad - data structure phython code run success
[INFO ] 2023-05-19 15:21:38.348 [main] loggerLoad - User is Home  Page
[INFO ] 2023-05-19 15:21:38.381 [main] loggerLoad - data structure phython code run success
[INFO ] 2023-05-19 15:21:38.521 [main] loggerLoad - User is Home  Page
[INFO ] 2023-05-19 15:21:38.614 [main] loggerLoad - User redirects to array Page
[INFO ] 2023-05-19 15:21:38.620 [main] loggerLoad - User is array phython Page
[INFO ] 2023-05-19 15:21:38.750 [main] loggerLoad - User redirects to array Page
[INFO ] 2023-05-19 15:21:38.754 [main] loggerLoad - User is array phython Page
[INFO ] 2023-05-19 15:21:39.290 [main] loggerLoad - User runs code successfully
[INFO ] 2023-05-19 15:21:39.486 [main] loggerLoad - User runs code successfully
[INFO ] 2023-05-19 15:21:39.955 [main] loggerLoad - User redirects to practice qns search array Page
[INFO ] 2023-05-19 15:21:40.035 [main] loggerLoad - User redirects to practice qns search array Page
[INFO ] 2023-05-19 15:21:40.075 [main] loggerLoad - User is on Home page
[INFO ] 2023-05-19 15:21:40.178 [main] loggerLoad - User is on Home page
[INFO ] 2023-05-19 15:21:40.335 [main] loggerLoad - User is on Linked List page
[INFO ] 2023-05-19 15:21:40.434 [main] loggerLoad - User is on Linked List page
[INFO ] 2023-05-19 15:21:40.657 [main] loggerLoad - User is on Introduction Linked List Page
[INFO ] 2023-05-19 15:21:40.683 [main] loggerLoad - User is on Introduction Linked List Page
[INFO ] 2023-05-19 15:21:40.920 [main] loggerLoad - User is on page having tryeditor with run button
[INFO ] 2023-05-19 15:21:40.921 [main] loggerLoad - User is sending code
[INFO ] 2023-05-19 15:21:40.943 [main] loggerLoad - User is on page having tryeditor with run button
[INFO ] 2023-05-19 15:21:40.945 [main] loggerLoad - User is sending code
[INFO ] 2023-05-19 15:21:41.221 [main] loggerLoad - User received output
[INFO ] 2023-05-19 15:21:41.252 [main] loggerLoad - User received output
[INFO ] 2023-05-19 15:21:41.390 [main] loggerLoad - User is on Linked List page
[INFO ] 2023-05-19 15:21:41.426 [main] loggerLoad - User is on Linked List page
[INFO ] 2023-05-19 15:21:41.785 [main] loggerLoad - User is on creating Linked List page
[INFO ] 2023-05-19 15:21:41.830 [main] loggerLoad - User is on creating Linked List page
[INFO ] 2023-05-19 15:21:42.013 [main] loggerLoad - user navigate to tryeditor and run button
[INFO ] 2023-05-19 15:21:42.042 [main] loggerLoad - user navigate to tryeditor and run button
[INFO ] 2023-05-19 15:21:43.575 [main] loggerLoad - user is on Home Page after Linked List
[INFO ] 2023-05-19 15:21:43.607 [main] loggerLoad - user is on Home Page after Linked List
[INFO ] 2023-05-19 15:21:43.772 [main] loggerLoad - User os on Stack Page
[INFO ] 2023-05-19 15:21:43.777 [main] loggerLoad - user checking functionality
[INFO ] 2023-05-19 15:21:43.785 [main] loggerLoad - User os on Stack Page
[INFO ] 2023-05-19 15:21:43.796 [main] loggerLoad - user checking functionality
[INFO ] 2023-05-19 15:21:44.194 [main] loggerLoad - User is on tryeditor page
[INFO ] 2023-05-19 15:21:44.231 [main] loggerLoad - User is on tryeditor page
[INFO ] 2023-05-19 15:21:45.393 [main] loggerLoad - User get Output
[INFO ] 2023-05-19 15:21:45.393 [main] loggerLoad - User get Output
[INFO ] 2023-05-19 15:21:45.542 [main] loggerLoad - User is on Home page after Stack
[INFO ] 2023-05-19 15:21:45.542 [main] loggerLoad - User is on Home page after Stack
[INFO ] 2023-05-19 15:21:47.769 [main] loggerLoad - user is on operation in Queue page
[INFO ] 2023-05-19 15:21:47.773 [main] loggerLoad - user is on operation in Queue page
[INFO ] 2023-05-19 15:21:48.137 [main] loggerLoad - User is on tryeditor page
[INFO ] 2023-05-19 15:21:48.179 [main] loggerLoad - User is on tryeditor page
[INFO ] 2023-05-19 15:21:49.308 [main] loggerLoad - User is got the output of the code
[INFO ] 2023-05-19 15:21:49.340 [main] loggerLoad - User is got the output of the code
[INFO ] 2023-05-19 15:21:49.410 [main] loggerLoad - User is on home page after Queue operation
[INFO ] 2023-05-19 15:21:49.452 [main] loggerLoad - User is on home page after Queue operation
[INFO ] 2023-05-19 15:21:49.614 [main] loggerLoad - User is on Tree Page
[INFO ] 2023-05-19 15:21:49.624 [main] loggerLoad - User is on Tree page
[INFO ] 2023-05-19 15:21:49.640 [main] loggerLoad - User is on Tree Page
[INFO ] 2023-05-19 15:21:49.645 [main] loggerLoad - User is on Tree page
[INFO ] 2023-05-19 15:21:49.970 [main] loggerLoad - User can enter code
[INFO ] 2023-05-19 15:21:50.003 [main] loggerLoad - User can enter code
[INFO ] 2023-05-19 15:21:51.165 [main] loggerLoad - User get Output
[INFO ] 2023-05-19 15:21:51.199 [main] loggerLoad - User get Output
[INFO ] 2023-05-19 15:21:51.687 [main] loggerLoad - User Redirected to Try Editor
[INFO ] 2023-05-19 15:21:51.719 [main] loggerLoad - User Redirected to Try Editor
[INFO ] 2023-05-19 15:21:52.900 [main] loggerLoad - User get Output for Terminologies
[INFO ] 2023-05-19 15:21:52.911 [main] loggerLoad - User get Output for Terminologies
[INFO ] 2023-05-19 15:21:53.043 [main] loggerLoad - User is on Tree Page
[INFO ] 2023-05-19 15:21:53.067 [main] loggerLoad - User is on Tree Page
[INFO ] 2023-05-19 15:21:53.459 [main] loggerLoad - User is on Try Editor Page
[INFO ] 2023-05-19 15:21:53.494 [main] loggerLoad - User is on Try Editor Page
[INFO ] 2023-05-19 15:21:54.624 [main] loggerLoad - User get Output
[INFO ] 2023-05-19 15:21:54.647 [main] loggerLoad - User get Output
[INFO ] 2023-05-19 15:21:54.744 [main] loggerLoad - User is on Home page
[INFO ] 2023-05-19 15:21:54.777 [main] loggerLoad - User is on Home page
[INFO ] 2023-05-19 15:21:54.931 [main] loggerLoad - User is on Graph Page
[INFO ] 2023-05-19 15:21:54.937 [main] loggerLoad - User checking Graph operation
[INFO ] 2023-05-19 15:21:54.952 [main] loggerLoad - User is on Graph Page
[INFO ] 2023-05-19 15:21:54.956 [main] loggerLoad - User checking Graph operation
[INFO ] 2023-05-19 15:21:55.313 [main] loggerLoad - User checking Text area
[INFO ] 2023-05-19 15:21:55.358 [main] loggerLoad - User checking Text area
[INFO ] 2023-05-19 15:21:56.468 [main] loggerLoad - User get Output
[INFO ] 2023-05-19 15:21:56.508 [main] loggerLoad - User get Output
[INFO ] 2023-05-19 15:21:56.560 [main] loggerLoad - User is on Graph
[INFO ] 2023-05-19 15:21:56.607 [main] loggerLoad - User is on Graph
[INFO ] 2023-05-19 15:21:57.027 [main] loggerLoad - User checking try Editor
[INFO ] 2023-05-19 15:21:57.062 [main] loggerLoad - User checking try Editor
[INFO ] 2023-05-19 15:21:58.214 [main] loggerLoad - User get Output
[INFO ] 2023-05-19 15:21:58.253 [main] loggerLoad - User get Output
[INFO ] 2023-05-19 15:21:58.302 [main] loggerLoad - User is on Home page
[INFO ] 2023-05-19 15:21:58.357 [main] loggerLoad - User is on Home page
[INFO ] 2023-05-19 15:21:58.499 [main] loggerLoad - User successfully Sign Out from DS algo
[INFO ] 2023-05-19 15:21:58.545 [main] loggerLoad - User successfully Sign Out from DS algo
[INFO ] 2023-05-24 10:32:15.517 [main] loggerLoad - Test is running on chrome
[INFO ] 2023-05-24 10:32:15.572 [main] loggerLoad - Driver is Intialized
[INFO ] 2023-05-24 10:32:17.331 [main] loggerLoad - User opened DS Algo URL and is trying to Registrer
[INFO ] 2023-05-24 10:32:19.755 [main] loggerLoad - Please fill out this field
[INFO ] 2023-05-24 10:32:24.678 [main] loggerLoad - User is trying with Invalid username
[INFO ] 2023-05-24 10:32:27.179 [main] loggerLoad - User is trying with Invalid password
[INFO ] 2023-05-24 10:32:27.627 [main] loggerLoad - User is trying with Invalid confirm pwd
[INFO ] 2023-05-24 10:32:28.310 [main] loggerLoad - User successfully created New Account
[INFO ] 2023-05-24 10:32:28.472 [main] loggerLoad - User opens with Invalid username
[INFO ] 2023-05-24 10:32:28.473 [main] loggerLoad - User opens with Invalid password
[INFO ] 2023-05-24 10:32:28.473 [main] loggerLoad - User opens with Invalid confirm pwd
[INFO ] 2023-05-24 10:32:28.474 [main] loggerLoad - User opens valid credentials
[INFO ] 2023-05-24 10:32:28.562 [main] loggerLoad - User is in home page
[INFO ] 2023-05-24 10:32:30.147 [main] loggerLoad - User is Home  Page
[INFO ] 2023-05-24 10:32:30.347 [main] loggerLoad - User is on Data Structure Introduction Page
[INFO ] 2023-05-24 10:32:30.359 [main] loggerLoad - User is on Data Structure Introduction Page after login
[INFO ] 2023-05-24 10:32:30.552 [main] loggerLoad - User is on Data Structure Time Complexity
[INFO ] 2023-05-24 10:32:33.571 [main] loggerLoad - data structure phython code run success
[INFO ] 2023-05-24 10:32:33.708 [main] loggerLoad - User is Home  Page
[INFO ] 2023-05-24 10:32:33.863 [main] loggerLoad - User redirects to array Page
[INFO ] 2023-05-24 10:32:33.872 [main] loggerLoad - User is array phython Page
[INFO ] 2023-05-24 10:32:34.450 [main] loggerLoad - User runs code successfully
[INFO ] 2023-05-24 10:32:34.851 [main] loggerLoad - User redirects to practice qns search array Page
[INFO ] 2023-05-24 10:32:34.948 [main] loggerLoad - User is on Home page
[INFO ] 2023-05-24 10:32:35.130 [main] loggerLoad - User is on Linked List page
[INFO ] 2023-05-24 10:32:35.337 [main] loggerLoad - User is on Introduction Linked List Page
[INFO ] 2023-05-24 10:32:35.496 [main] loggerLoad - User is on page having tryeditor with run button
[INFO ] 2023-05-24 10:32:35.497 [main] loggerLoad - User is sending code
[INFO ] 2023-05-24 10:32:35.664 [main] loggerLoad - User received output
[INFO ] 2023-05-24 10:32:35.789 [main] loggerLoad - User is on Linked List page
[INFO ] 2023-05-24 10:32:36.054 [main] loggerLoad - User is on creating Linked List page
[INFO ] 2023-05-24 10:32:36.231 [main] loggerLoad - user navigate to tryeditor and run button
[INFO ] 2023-05-24 10:32:37.486 [main] loggerLoad - user is on Home Page after Linked List
[INFO ] 2023-05-24 10:32:37.627 [main] loggerLoad - User os on Stack Page
[INFO ] 2023-05-24 10:32:37.636 [main] loggerLoad - user checking functionality
[INFO ] 2023-05-24 10:32:38.002 [main] loggerLoad - User is on tryeditor page
[INFO ] 2023-05-24 10:32:39.121 [main] loggerLoad - User get Output
[INFO ] 2023-05-24 10:32:39.242 [main] loggerLoad - User is on Home page after Stack
[INFO ] 2023-05-24 10:32:41.412 [main] loggerLoad - user is on operation in Queue page
[INFO ] 2023-05-24 10:32:41.738 [main] loggerLoad - User is on tryeditor page
[INFO ] 2023-05-24 10:32:42.845 [main] loggerLoad - User is got the output of the code
[INFO ] 2023-05-24 10:32:42.998 [main] loggerLoad - User is on home page after Queue operation
[INFO ] 2023-05-24 10:32:43.157 [main] loggerLoad - User is on Tree Page
[INFO ] 2023-05-24 10:32:43.165 [main] loggerLoad - User is on Tree page
[INFO ] 2023-05-24 10:32:43.504 [main] loggerLoad - User can enter code
[INFO ] 2023-05-24 10:32:44.630 [main] loggerLoad - User get Output
[INFO ] 2023-05-24 10:32:45.067 [main] loggerLoad - User Redirected to Try Editor
[INFO ] 2023-05-24 10:32:46.195 [main] loggerLoad - User get Output for Terminologies
[INFO ] 2023-05-24 10:32:46.325 [main] loggerLoad - User is on Tree Page
[INFO ] 2023-05-24 10:32:46.636 [main] loggerLoad - User is on Try Editor Page
[INFO ] 2023-05-24 10:32:47.761 [main] loggerLoad - User get Output
[INFO ] 2023-05-24 10:32:47.887 [main] loggerLoad - User is on Home page
[INFO ] 2023-05-24 10:32:48.028 [main] loggerLoad - User is on Graph Page
[INFO ] 2023-05-24 10:32:48.037 [main] loggerLoad - User checking Graph operation
[INFO ] 2023-05-24 10:32:48.348 [main] loggerLoad - User checking Text area
[INFO ] 2023-05-24 10:32:49.455 [main] loggerLoad - User get Output
[INFO ] 2023-05-24 10:32:49.549 [main] loggerLoad - User is on Graph
[INFO ] 2023-05-24 10:32:49.944 [main] loggerLoad - User checking try Editor
[INFO ] 2023-05-24 10:32:51.086 [main] loggerLoad - User get Output
[INFO ] 2023-05-24 10:32:51.176 [main] loggerLoad - User is on Home page
[INFO ] 2023-05-24 10:32:51.333 [main] loggerLoad - User successfully Sign Out from DS algo
[INFO ] 2023-05-24 10:37:58.960 [main] loggerLoad - Test is running on chrome
[INFO ] 2023-05-24 10:37:58.991 [main] loggerLoad - Driver is Intialized
[INFO ] 2023-05-24 10:38:00.510 [main] loggerLoad - User opened DS Algo URL and is trying to Registrer
[INFO ] 2023-05-24 10:38:02.906 [main] loggerLoad - Please fill out this field
[INFO ] 2023-05-24 10:38:07.304 [main] loggerLoad - User is trying with Invalid username
[INFO ] 2023-05-24 10:38:09.826 [main] loggerLoad - User is trying with Invalid password
[INFO ] 2023-05-24 10:38:10.718 [main] loggerLoad - User is trying with Invalid confirm pwd
[INFO ] 2023-05-24 10:38:11.416 [main] loggerLoad - User successfully created New Account
[INFO ] 2023-05-24 10:38:11.589 [main] loggerLoad - User opens with Invalid username
[INFO ] 2023-05-24 10:38:11.590 [main] loggerLoad - User opens with Invalid password
[INFO ] 2023-05-24 10:38:11.590 [main] loggerLoad - User opens with Invalid confirm pwd
[INFO ] 2023-05-24 10:38:11.590 [main] loggerLoad - User opens valid credentials
[INFO ] 2023-05-24 10:38:11.685 [main] loggerLoad - User is in home page
[INFO ] 2023-05-24 10:38:13.368 [main] loggerLoad - User is Home  Page
[INFO ] 2023-05-24 10:38:13.601 [main] loggerLoad - User is on Data Structure Introduction Page
[INFO ] 2023-05-24 10:38:13.625 [main] loggerLoad - User is on Data Structure Introduction Page after login
[INFO ] 2023-05-24 10:38:13.826 [main] loggerLoad - User is on Data Structure Time Complexity
[INFO ] 2023-05-24 10:38:17.045 [main] loggerLoad - data structure phython code run success
[INFO ] 2023-05-24 10:38:17.162 [main] loggerLoad - User is Home  Page
[INFO ] 2023-05-24 10:38:17.341 [main] loggerLoad - User redirects to array Page
[INFO ] 2023-05-24 10:38:17.349 [main] loggerLoad - User is array phython Page
[INFO ] 2023-05-24 10:38:17.838 [main] loggerLoad - User runs code successfully
[INFO ] 2023-05-24 10:38:18.308 [main] loggerLoad - User redirects to practice qns search array Page
[INFO ] 2023-05-24 10:38:18.414 [main] loggerLoad - User is on Home page
[INFO ] 2023-05-24 10:38:18.594 [main] loggerLoad - User is on Linked List page
[INFO ] 2023-05-24 10:38:18.786 [main] loggerLoad - User is on Introduction Linked List Page
[INFO ] 2023-05-24 10:38:18.953 [main] loggerLoad - User is on page having tryeditor with run button
[INFO ] 2023-05-24 10:38:18.954 [main] loggerLoad - User is sending code
[INFO ] 2023-05-24 10:38:19.109 [main] loggerLoad - User received output
[INFO ] 2023-05-24 10:38:19.223 [main] loggerLoad - User is on Linked List page
[INFO ] 2023-05-24 10:38:19.489 [main] loggerLoad - User is on creating Linked List page
[INFO ] 2023-05-24 10:38:19.658 [main] loggerLoad - user navigate to tryeditor and run button
[INFO ] 2023-05-24 10:38:20.895 [main] loggerLoad - user is on Home Page after Linked List
[INFO ] 2023-05-24 10:38:21.056 [main] loggerLoad - User os on Stack Page
[INFO ] 2023-05-24 10:38:21.065 [main] loggerLoad - user checking functionality
[INFO ] 2023-05-24 10:38:21.469 [main] loggerLoad - User is on tryeditor page
[INFO ] 2023-05-24 10:38:22.584 [main] loggerLoad - User get Output
[INFO ] 2023-05-24 10:38:22.691 [main] loggerLoad - User is on Home page after Stack
[INFO ] 2023-05-24 10:38:24.844 [main] loggerLoad - user is on operation in Queue page
[INFO ] 2023-05-24 10:38:25.209 [main] loggerLoad - User is on tryeditor page
[INFO ] 2023-05-24 10:38:26.332 [main] loggerLoad - User is got the output of the code
[INFO ] 2023-05-24 10:38:26.447 [main] loggerLoad - User is on home page after Queue operation
[INFO ] 2023-05-24 10:38:26.614 [main] loggerLoad - User is on Tree Page
[INFO ] 2023-05-24 10:38:26.623 [main] loggerLoad - User is on Tree page
[INFO ] 2023-05-24 10:38:26.968 [main] loggerLoad - User can enter code
[INFO ] 2023-05-24 10:38:28.118 [main] loggerLoad - User get Output
[INFO ] 2023-05-24 10:38:28.789 [main] loggerLoad - User Redirected to Try Editor
[INFO ] 2023-05-24 10:38:29.919 [main] loggerLoad - User get Output for Terminologies
[INFO ] 2023-05-24 10:38:30.055 [main] loggerLoad - User is on Tree Page
[INFO ] 2023-05-24 10:38:30.390 [main] loggerLoad - User is on Try Editor Page
[INFO ] 2023-05-24 10:38:31.518 [main] loggerLoad - User get Output
[INFO ] 2023-05-24 10:38:31.625 [main] loggerLoad - User is on Home page
[INFO ] 2023-05-24 10:38:31.792 [main] loggerLoad - User is on Graph Page
[INFO ] 2023-05-24 10:38:31.799 [main] loggerLoad - User checking Graph operation
[INFO ] 2023-05-24 10:38:32.132 [main] loggerLoad - User checking Text area
[INFO ] 2023-05-24 10:38:33.241 [main] loggerLoad - User get Output
[INFO ] 2023-05-24 10:38:33.337 [main] loggerLoad - User is on Graph
[INFO ] 2023-05-24 10:38:33.765 [main] loggerLoad - User checking try Editor
[INFO ] 2023-05-24 10:38:34.902 [main] loggerLoad - User get Output
[INFO ] 2023-05-24 10:38:34.996 [main] loggerLoad - User is on Home page
[INFO ] 2023-05-24 10:38:35.155 [main] loggerLoad - User successfully Sign Out from DS algo
[INFO ] 2023-05-24 12:52:35.647 [main] loggerLoad - Test is running on chrome
[INFO ] 2023-05-24 12:52:35.676 [main] loggerLoad - Driver is Intialized
[INFO ] 2023-05-24 12:52:37.071 [main] loggerLoad - User opened DS Algo URL and is trying to Registrer
[INFO ] 2023-05-24 12:52:39.443 [main] loggerLoad - Please fill out this field
[INFO ] 2023-05-24 12:52:43.956 [main] loggerLoad - User is trying with Invalid username
[INFO ] 2023-05-24 12:52:46.574 [main] loggerLoad - User is trying with Invalid password
[INFO ] 2023-05-24 12:52:47.151 [main] loggerLoad - User is trying with Invalid confirm pwd
[INFO ] 2023-05-24 12:52:48.044 [main] loggerLoad - User successfully created New Account
[INFO ] 2023-05-24 12:52:48.284 [main] loggerLoad - User opens with Invalid username
[INFO ] 2023-05-24 12:52:48.284 [main] loggerLoad - User opens with Invalid password
[INFO ] 2023-05-24 12:52:48.287 [main] loggerLoad - User opens with Invalid confirm pwd
[INFO ] 2023-05-24 12:52:48.288 [main] loggerLoad - User opens valid credentials
[INFO ] 2023-05-24 12:52:48.407 [main] loggerLoad - User is in home page
[INFO ] 2023-05-24 12:52:50.213 [main] loggerLoad - User is Home  Page
[INFO ] 2023-05-24 12:52:50.452 [main] loggerLoad - User is on Data Structure Introduction Page
[INFO ] 2023-05-24 12:52:50.472 [main] loggerLoad - User is on Data Structure Introduction Page after login
[INFO ] 2023-05-24 12:52:50.697 [main] loggerLoad - User is on Data Structure Time Complexity
[INFO ] 2023-05-24 12:52:53.478 [main] loggerLoad - data structure phython code run success
[INFO ] 2023-05-24 12:52:53.699 [main] loggerLoad - User is Home  Page
[INFO ] 2023-05-24 12:52:53.926 [main] loggerLoad - User redirects to array Page
[INFO ] 2023-05-24 12:52:53.937 [main] loggerLoad - User is array phython Page
[INFO ] 2023-05-24 12:52:54.472 [main] loggerLoad - User runs code successfully
[INFO ] 2023-05-24 12:52:54.985 [main] loggerLoad - User redirects to practice qns search array Page
[INFO ] 2023-05-24 12:52:55.101 [main] loggerLoad - User is on Home page
[INFO ] 2023-05-24 12:52:55.306 [main] loggerLoad - User is on Linked List page
[INFO ] 2023-05-24 12:52:55.540 [main] loggerLoad - User is on Introduction Linked List Page
[INFO ] 2023-05-24 12:52:55.756 [main] loggerLoad - User is on page having tryeditor with run button
[INFO ] 2023-05-24 12:52:55.757 [main] loggerLoad - User is sending code
[INFO ] 2023-05-24 12:52:55.951 [main] loggerLoad - User received output
[INFO ] 2023-05-24 12:52:56.071 [main] loggerLoad - User is on Linked List page
[INFO ] 2023-05-24 12:52:56.407 [main] loggerLoad - User is on creating Linked List page
[INFO ] 2023-05-24 12:52:56.577 [main] loggerLoad - user navigate to tryeditor and run button
[INFO ] 2023-05-24 12:52:57.924 [main] loggerLoad - user is on Home Page after Linked List
[INFO ] 2023-05-24 12:52:58.107 [main] loggerLoad - User os on Stack Page
[INFO ] 2023-05-24 12:52:58.116 [main] loggerLoad - user checking functionality
[INFO ] 2023-05-24 12:52:58.513 [main] loggerLoad - User is on tryeditor page
[INFO ] 2023-05-24 12:52:59.657 [main] loggerLoad - User get Output
[INFO ] 2023-05-24 12:52:59.789 [main] loggerLoad - User is on Home page after Stack
[INFO ] 2023-05-24 12:53:01.960 [main] loggerLoad - user is on operation in Queue page
[INFO ] 2023-05-24 12:53:02.379 [main] loggerLoad - User is on tryeditor page
[INFO ] 2023-05-24 12:53:03.541 [main] loggerLoad - User is got the output of the code
[INFO ] 2023-05-24 12:53:03.644 [main] loggerLoad - User is on home page after Queue operation
[INFO ] 2023-05-24 12:53:03.862 [main] loggerLoad - User is on Tree Page
[INFO ] 2023-05-24 12:53:03.868 [main] loggerLoad - User is on Tree page
[INFO ] 2023-05-24 12:53:04.247 [main] loggerLoad - User can enter code
[INFO ] 2023-05-24 12:53:05.420 [main] loggerLoad - User get Output
[INFO ] 2023-05-24 12:53:05.935 [main] loggerLoad - User Redirected to Try Editor
[INFO ] 2023-05-24 12:53:07.106 [main] loggerLoad - User get Output for Terminologies
[INFO ] 2023-05-24 12:53:07.251 [main] loggerLoad - User is on Tree Page
[INFO ] 2023-05-24 12:53:07.608 [main] loggerLoad - User is on Try Editor Page
[INFO ] 2023-05-24 12:53:08.846 [main] loggerLoad - User get Output
[INFO ] 2023-05-24 12:53:08.983 [main] loggerLoad - User is on Home page
[INFO ] 2023-05-24 12:53:09.169 [main] loggerLoad - User is on Graph Page
[INFO ] 2023-05-24 12:53:09.191 [main] loggerLoad - User checking Graph operation
[INFO ] 2023-05-24 12:53:09.557 [main] loggerLoad - User checking Text area
[INFO ] 2023-05-24 12:53:10.717 [main] loggerLoad - User get Output
[INFO ] 2023-05-24 12:53:10.818 [main] loggerLoad - User is on Graph
[INFO ] 2023-05-24 12:53:11.311 [main] loggerLoad - User checking try Editor
[INFO ] 2023-05-24 12:53:12.567 [main] loggerLoad - User get Output
[INFO ] 2023-05-24 12:53:12.673 [main] loggerLoad - User is on Home page
[INFO ] 2023-05-24 12:53:12.870 [main] loggerLoad - User successfully Sign Out from DS algo
[INFO ] 2023-05-25 12:49:50.115 [main] loggerLoad - Test is running on chrome
[INFO ] 2023-05-25 12:49:50.144 [main] loggerLoad - Driver is Intialized
[INFO ] 2023-05-25 12:49:54.028 [main] loggerLoad - User opened DS Algo URL and is trying to Registrer
[INFO ] 2023-05-25 12:49:56.991 [main] loggerLoad - Please fill out this field
[INFO ] 2023-05-25 12:50:03.028 [main] loggerLoad - User is trying with Invalid username
[INFO ] 2023-05-25 12:50:05.686 [main] loggerLoad - User is trying with Invalid password
[INFO ] 2023-05-25 12:50:06.418 [main] loggerLoad - User is trying with Invalid confirm pwd
[INFO ] 2023-05-25 12:50:07.233 [main] loggerLoad - User successfully created New Account
[INFO ] 2023-05-25 12:50:07.414 [main] loggerLoad - User opens with Invalid username
[INFO ] 2023-05-25 12:50:07.414 [main] loggerLoad - User opens with Invalid password
[INFO ] 2023-05-25 12:50:07.415 [main] loggerLoad - User opens with Invalid confirm pwd
[INFO ] 2023-05-25 12:50:07.416 [main] loggerLoad - User opens valid credentials
[INFO ] 2023-05-25 12:50:07.509 [main] loggerLoad - User is in home page
[INFO ] 2023-05-25 12:50:09.154 [main] loggerLoad - User is Home  Page
[INFO ] 2023-05-25 12:50:09.397 [main] loggerLoad - User is on Data Structure Introduction Page
[INFO ] 2023-05-25 12:50:09.414 [main] loggerLoad - User is on Data Structure Introduction Page after login
[INFO ] 2023-05-25 12:50:09.656 [main] loggerLoad - User is on Data Structure Time Complexity
[INFO ] 2023-05-25 12:50:12.553 [main] loggerLoad - data structure phython code run success
[INFO ] 2023-05-25 12:50:12.733 [main] loggerLoad - User is Home  Page
[INFO ] 2023-05-25 12:50:12.940 [main] loggerLoad - User redirects to array Page
[INFO ] 2023-05-25 12:50:12.953 [main] loggerLoad - User is array phython Page
[INFO ] 2023-05-25 12:50:14.112 [main] loggerLoad - User runs code successfully
[INFO ] 2023-05-25 12:50:14.994 [main] loggerLoad - User redirects to practice qns search array Page
[INFO ] 2023-05-25 12:50:15.121 [main] loggerLoad - User is on Home page
[INFO ] 2023-05-25 12:50:15.430 [main] loggerLoad - User is on Linked List page
[INFO ] 2023-05-25 12:50:15.745 [main] loggerLoad - User is on Introduction Linked List Page
[INFO ] 2023-05-25 12:50:15.936 [main] loggerLoad - User is on page having tryeditor with run button
[INFO ] 2023-05-25 12:50:15.937 [main] loggerLoad - User is sending code
[INFO ] 2023-05-25 12:50:16.096 [main] loggerLoad - User received output
[INFO ] 2023-05-25 12:50:16.283 [main] loggerLoad - User is on Linked List page
[INFO ] 2023-05-25 12:50:16.652 [main] loggerLoad - User is on creating Linked List page
[INFO ] 2023-05-25 12:50:16.818 [main] loggerLoad - user navigate to tryeditor and run button
[INFO ] 2023-05-25 12:50:18.095 [main] loggerLoad - user is on Home Page after Linked List
[INFO ] 2023-05-25 12:50:18.277 [main] loggerLoad - User os on Stack Page
[INFO ] 2023-05-25 12:50:18.290 [main] loggerLoad - user checking functionality
[INFO ] 2023-05-25 12:50:18.719 [main] loggerLoad - User is on tryeditor page
[INFO ] 2023-05-25 12:50:19.851 [main] loggerLoad - User get Output
[INFO ] 2023-05-25 12:50:19.955 [main] loggerLoad - User is on Home page after Stack
[INFO ] 2023-05-25 12:50:22.126 [main] loggerLoad - user is on operation in Queue page
[INFO ] 2023-05-25 12:50:22.782 [main] loggerLoad - User is on tryeditor page
[INFO ] 2023-05-25 12:50:23.901 [main] loggerLoad - User is got the output of the code
[INFO ] 2023-05-25 12:50:24.011 [main] loggerLoad - User is on home page after Queue operation
[INFO ] 2023-05-25 12:50:24.192 [main] loggerLoad - User is on Tree Page
[INFO ] 2023-05-25 12:50:24.201 [main] loggerLoad - User is on Tree page
[INFO ] 2023-05-25 12:50:24.558 [main] loggerLoad - User can enter code
[INFO ] 2023-05-25 12:50:25.731 [main] loggerLoad - User get Output
[INFO ] 2023-05-25 12:50:26.369 [main] loggerLoad - User Redirected to Try Editor
[INFO ] 2023-05-25 12:50:27.563 [main] loggerLoad - User get Output for Terminologies
[INFO ] 2023-05-25 12:50:27.687 [main] loggerLoad - User is on Tree Page
[INFO ] 2023-05-25 12:50:28.222 [main] loggerLoad - User is on Try Editor Page
[INFO ] 2023-05-25 12:50:29.359 [main] loggerLoad - User get Output
[INFO ] 2023-05-25 12:50:29.467 [main] loggerLoad - User is on Home page
[INFO ] 2023-05-25 12:50:29.632 [main] loggerLoad - User is on Graph Page
[INFO ] 2023-05-25 12:50:29.640 [main] loggerLoad - User checking Graph operation
[INFO ] 2023-05-25 12:50:29.979 [main] loggerLoad - User checking Text area
[INFO ] 2023-05-25 12:50:31.096 [main] loggerLoad - User get Output
[INFO ] 2023-05-25 12:50:31.202 [main] loggerLoad - User is on Graph
[INFO ] 2023-05-25 12:50:31.626 [main] loggerLoad - User checking try Editor
[INFO ] 2023-05-25 12:50:32.784 [main] loggerLoad - User get Output
[INFO ] 2023-05-25 12:50:32.881 [main] loggerLoad - User is on Home page
[INFO ] 2023-05-25 12:50:33.060 [main] loggerLoad - User successfully Sign Out from DS algo
[INFO ] 2023-05-26 10:04:20.559 [main] loggerLoad - Test is running on chrome
[INFO ] 2023-05-26 10:04:20.592 [main] loggerLoad - Driver is Intialized
[INFO ] 2023-05-26 10:04:23.106 [main] loggerLoad - User opened DS Algo URL and is trying to Registrer
[INFO ] 2023-05-26 10:04:26.150 [main] loggerLoad - Please fill out this field
[INFO ] 2023-05-26 10:04:32.094 [main] loggerLoad - User is trying with Invalid password
[INFO ] 2023-05-26 10:04:32.135 [main] loggerLoad - User opens with Invalid username
[INFO ] 2023-05-26 10:04:32.136 [main] loggerLoad - User opens with Invalid password
[INFO ] 2023-05-26 10:04:32.137 [main] loggerLoad - User opens with Invalid confirm pwd
[INFO ] 2023-05-26 10:04:32.138 [main] loggerLoad - User opens valid credentials
[INFO ] 2023-05-26 10:04:32.168 [main] loggerLoad - User is Home  Page
[INFO ] 2023-05-26 10:04:32.189 [main] loggerLoad - User is on Data Structure Introduction Page after login
[INFO ] 2023-05-26 10:04:32.205 [main] loggerLoad - User is Home  Page
[INFO ] 2023-05-26 10:04:32.223 [main] loggerLoad - User is array phython Page
[INFO ] 2023-05-26 10:04:32.261 [main] loggerLoad - User is on Home page
[INFO ] 2023-05-26 10:04:32.332 [main] loggerLoad - user is on Home Page after Linked List
[INFO ] 2023-05-26 10:04:32.349 [main] loggerLoad - user checking functionality
[INFO ] 2023-05-26 10:04:32.377 [main] loggerLoad - User is on Home page after Stack
[INFO ] 2023-05-26 10:04:32.424 [main] loggerLoad - User is on home page after Queue operation
[INFO ] 2023-05-26 10:04:32.439 [main] loggerLoad - User is on Tree page
[INFO ] 2023-05-26 10:04:32.492 [main] loggerLoad - User is on Tree Page
[INFO ] 2023-05-26 10:04:32.518 [main] loggerLoad - User is on Home page
[INFO ] 2023-05-26 10:04:32.535 [main] loggerLoad - User checking Graph operation
[INFO ] 2023-05-26 10:04:32.564 [main] loggerLoad - User is on Graph
[INFO ] 2023-05-26 10:04:32.592 [main] loggerLoad - User is on Home page
[INFO ] 2023-05-26 10:12:22.449 [main] loggerLoad - Test is running on chrome
[INFO ] 2023-05-26 10:12:22.452 [main] loggerLoad - Driver is Intialized
[INFO ] 2023-05-26 10:12:23.898 [main] loggerLoad - User opened DS Algo URL and is trying to Registrer
[INFO ] 2023-05-26 10:12:26.284 [main] loggerLoad - Please fill out this field
[INFO ] 2023-05-26 10:12:35.011 [main] loggerLoad - User is trying with Invalid password
[INFO ] 2023-05-26 10:12:35.148 [main] loggerLoad - User opens with Invalid username
[INFO ] 2023-05-26 10:12:35.149 [main] loggerLoad - User opens with Invalid password
[INFO ] 2023-05-26 10:12:35.150 [main] loggerLoad - User opens with Invalid confirm pwd
[INFO ] 2023-05-26 10:12:35.150 [main] loggerLoad - User opens valid credentials
[INFO ] 2023-05-26 10:12:35.194 [main] loggerLoad - User is Home  Page
[INFO ] 2023-05-26 10:12:35.211 [main] loggerLoad - User is on Data Structure Introduction Page after login
[INFO ] 2023-05-26 10:12:35.227 [main] loggerLoad - User is Home  Page
[INFO ] 2023-05-26 10:12:35.241 [main] loggerLoad - User is array phython Page
[INFO ] 2023-05-26 10:12:35.270 [main] loggerLoad - User is on Home page
[INFO ] 2023-05-26 10:12:35.362 [main] loggerLoad - user is on Home Page after Linked List
[INFO ] 2023-05-26 10:12:35.388 [main] loggerLoad - user checking functionality
[INFO ] 2023-05-26 10:12:35.419 [main] loggerLoad - User is on Home page after Stack
[INFO ] 2023-05-26 10:12:35.460 [main] loggerLoad - User is on home page after Queue operation
[INFO ] 2023-05-26 10:12:35.472 [main] loggerLoad - User is on Tree page
[INFO ] 2023-05-26 10:12:35.531 [main] loggerLoad - User is on Tree Page
[INFO ] 2023-05-26 10:12:35.558 [main] loggerLoad - User is on Home page
[INFO ] 2023-05-26 10:12:35.571 [main] loggerLoad - User checking Graph operation
[INFO ] 2023-05-26 10:12:35.599 [main] loggerLoad - User is on Graph
[INFO ] 2023-05-26 10:12:35.630 [main] loggerLoad - User is on Home page
[INFO ] 2023-05-26 10:39:35.735 [main] loggerLoad - Test is running on chrome
[INFO ] 2023-05-26 10:39:35.752 [main] loggerLoad - Driver is Intialized
[INFO ] 2023-05-26 10:39:42.369 [main] loggerLoad - User opened DS Algo URL and is trying to Registrer
[INFO ] 2023-05-26 10:39:45.022 [main] loggerLoad - Please fill out this field
[INFO ] 2023-05-26 10:39:50.388 [main] loggerLoad - User is trying with Invalid username
[INFO ] 2023-05-26 10:39:52.962 [main] loggerLoad - User is trying with Invalid password
[INFO ] 2023-05-26 10:39:53.996 [main] loggerLoad - User is trying with Invalid confirm pwd
[INFO ] 2023-05-26 10:39:55.063 [main] loggerLoad - User successfully created New Account
[INFO ] 2023-05-26 10:39:55.401 [main] loggerLoad - User opens with Invalid username
[INFO ] 2023-05-26 10:39:55.402 [main] loggerLoad - User opens with Invalid password
[INFO ] 2023-05-26 10:39:55.402 [main] loggerLoad - User opens with Invalid confirm pwd
[INFO ] 2023-05-26 10:39:55.402 [main] loggerLoad - User opens valid credentials
[INFO ] 2023-05-26 10:39:55.698 [main] loggerLoad - User is in home page
[INFO ] 2023-05-26 10:39:57.354 [main] loggerLoad - User is Home  Page
[INFO ] 2023-05-26 10:39:57.566 [main] loggerLoad - User is on Data Structure Introduction Page
[INFO ] 2023-05-26 10:39:57.574 [main] loggerLoad - User is on Data Structure Introduction Page after login
[INFO ] 2023-05-26 10:39:57.762 [main] loggerLoad - User is on Data Structure Time Complexity
[INFO ] 2023-05-26 10:40:29.072 [main] loggerLoad - User is Home  Page
[INFO ] 2023-05-26 10:40:59.160 [main] loggerLoad - User is array phython Page
[INFO ] 2023-05-26 10:41:59.348 [main] loggerLoad - User is on Home page
[INFO ] 2023-05-26 10:44:29.890 [main] loggerLoad - user is on Home Page after Linked List
[INFO ] 2023-05-26 10:44:59.999 [main] loggerLoad - user checking functionality
[INFO ] 2023-05-26 10:46:00.183 [main] loggerLoad - User is on Home page after Stack
[INFO ] 2023-05-26 10:47:30.521 [main] loggerLoad - User is on home page after Queue operation
[INFO ] 2023-05-26 10:48:00.653 [main] loggerLoad - User is on Tree page
[INFO ] 2023-05-26 10:50:01.108 [main] loggerLoad - User is on Tree Page
[INFO ] 2023-05-26 10:51:01.520 [main] loggerLoad - User is on Home page
[INFO ] 2023-05-26 10:51:31.591 [main] loggerLoad - User checking Graph operation
[INFO ] 2023-05-26 10:52:31.861 [main] loggerLoad - User is on Graph
[INFO ] 2023-05-26 10:53:32.148 [main] loggerLoad - User is on Home page
[INFO ] 2023-05-26 10:55:06.021 [main] loggerLoad - Test is running on chrome
[INFO ] 2023-05-26 10:55:06.034 [main] loggerLoad - Driver is Intialized
[INFO ] 2023-05-26 10:55:07.738 [main] loggerLoad - User opened DS Algo URL and is trying to Registrer
[INFO ] 2023-05-26 10:55:10.111 [main] loggerLoad - Please fill out this field
[INFO ] 2023-05-26 10:55:15.397 [main] loggerLoad - User is trying with Invalid username
[INFO ] 2023-05-26 10:55:17.960 [main] loggerLoad - User is trying with Invalid password
[INFO ] 2023-05-26 10:55:18.533 [main] loggerLoad - User is trying with Invalid confirm pwd
[INFO ] 2023-05-26 10:55:19.288 [main] loggerLoad - User successfully created New Account
[INFO ] 2023-05-26 10:55:19.482 [main] loggerLoad - User opens with Invalid username
[INFO ] 2023-05-26 10:55:19.483 [main] loggerLoad - User opens with Invalid password
[INFO ] 2023-05-26 10:55:19.483 [main] loggerLoad - User opens with Invalid confirm pwd
[INFO ] 2023-05-26 10:55:19.484 [main] loggerLoad - User opens valid credentials
[INFO ] 2023-05-26 10:55:19.592 [main] loggerLoad - User is in home page
[INFO ] 2023-05-26 10:55:21.232 [main] loggerLoad - User is Home  Page
[INFO ] 2023-05-26 10:55:21.482 [main] loggerLoad - User is on Data Structure Introduction Page
[INFO ] 2023-05-26 10:55:21.506 [main] loggerLoad - User is on Data Structure Introduction Page after login
[INFO ] 2023-05-26 10:55:21.781 [main] loggerLoad - User is on Data Structure Time Complexity
[INFO ] 2023-05-26 10:55:25.811 [main] loggerLoad - data structure phython code run success
[INFO ] 2023-05-26 10:55:25.911 [main] loggerLoad - User is Home  Page
[INFO ] 2023-05-26 10:55:26.100 [main] loggerLoad - User redirects to array Page
[INFO ] 2023-05-26 10:55:26.112 [main] loggerLoad - User is array phython Page
[INFO ] 2023-05-26 10:55:26.644 [main] loggerLoad - User runs code successfully
[INFO ] 2023-05-26 10:55:27.105 [main] loggerLoad - User redirects to practice qns search array Page
[INFO ] 2023-05-26 10:55:27.210 [main] loggerLoad - User is on Home page
[INFO ] 2023-05-26 10:55:27.429 [main] loggerLoad - User is on Linked List page
[INFO ] 2023-05-26 10:55:27.672 [main] loggerLoad - User is on Introduction Linked List Page
[INFO ] 2023-05-26 10:55:27.851 [main] loggerLoad - User is on page having tryeditor with run button
[INFO ] 2023-05-26 10:55:27.852 [main] loggerLoad - User is sending code
[INFO ] 2023-05-26 10:55:28.039 [main] loggerLoad - User received output
[INFO ] 2023-05-26 10:55:28.167 [main] loggerLoad - User is on Linked List page
[INFO ] 2023-05-26 10:55:28.469 [main] loggerLoad - User is on creating Linked List page
[INFO ] 2023-05-26 10:55:28.650 [main] loggerLoad - user navigate to tryeditor and run button
[INFO ] 2023-05-26 10:55:29.954 [main] loggerLoad - user is on Home Page after Linked List
[INFO ] 2023-05-26 10:55:30.113 [main] loggerLoad - User os on Stack Page
[INFO ] 2023-05-26 10:55:30.121 [main] loggerLoad - user checking functionality
[INFO ] 2023-05-26 10:55:30.570 [main] loggerLoad - User is on tryeditor page
[INFO ] 2023-05-26 10:55:31.690 [main] loggerLoad - User get Output
[INFO ] 2023-05-26 10:55:31.783 [main] loggerLoad - User is on Home page after Stack
[INFO ] 2023-05-26 10:55:33.942 [main] loggerLoad - user is on operation in Queue page
[INFO ] 2023-05-26 10:55:34.289 [main] loggerLoad - User is on tryeditor page
[INFO ] 2023-05-26 10:55:35.454 [main] loggerLoad - User is got the output of the code
[INFO ] 2023-05-26 10:55:35.718 [main] loggerLoad - User is on home page after Queue operation
[INFO ] 2023-05-26 10:55:35.983 [main] loggerLoad - User is on Tree Page
[INFO ] 2023-05-26 10:55:35.994 [main] loggerLoad - User is on Tree page
[INFO ] 2023-05-26 10:55:36.384 [main] loggerLoad - User can enter code
[INFO ] 2023-05-26 10:55:37.561 [main] loggerLoad - User get Output
[INFO ] 2023-05-26 10:55:38.035 [main] loggerLoad - User Redirected to Try Editor
[INFO ] 2023-05-26 10:55:39.214 [main] loggerLoad - User get Output for Terminologies
[INFO ] 2023-05-26 10:55:39.346 [main] loggerLoad - User is on Tree Page
[INFO ] 2023-05-26 10:55:39.676 [main] loggerLoad - User is on Try Editor Page
[INFO ] 2023-05-26 10:55:40.835 [main] loggerLoad - User get Output
[INFO ] 2023-05-26 10:55:40.937 [main] loggerLoad - User is on Home page
[INFO ] 2023-05-26 10:55:41.109 [main] loggerLoad - User is on Graph Page
[INFO ] 2023-05-26 10:55:41.117 [main] loggerLoad - User checking Graph operation
[INFO ] 2023-05-26 10:55:41.477 [main] loggerLoad - User checking Text area
[INFO ] 2023-05-26 10:55:42.613 [main] loggerLoad - User get Output
[INFO ] 2023-05-26 10:55:42.709 [main] loggerLoad - User is on Graph
[INFO ] 2023-05-26 10:55:43.130 [main] loggerLoad - User checking try Editor
[INFO ] 2023-05-26 10:55:44.292 [main] loggerLoad - User get Output
[INFO ] 2023-05-26 10:55:44.381 [main] loggerLoad - User is on Home page
[INFO ] 2023-05-26 10:55:44.563 [main] loggerLoad - User successfully Sign Out from DS algo
[INFO ] 2023-05-26 14:09:24.619 [main] loggerLoad - Test is running on chrome
[INFO ] 2023-05-26 14:09:24.660 [main] loggerLoad - Driver is Intialized
[INFO ] 2023-05-26 14:09:26.110 [main] loggerLoad - User opened DS Algo URL and is trying to Registrer
[INFO ] 2023-05-26 14:09:28.505 [main] loggerLoad - Please fill out this field
[INFO ] 2023-05-26 14:09:33.295 [main] loggerLoad - User is trying with Invalid username
[INFO ] 2023-05-26 14:09:35.881 [main] loggerLoad - User is trying with Invalid password
[INFO ] 2023-05-26 14:09:36.375 [main] loggerLoad - User is trying with Invalid confirm pwd
[INFO ] 2023-05-26 14:09:37.109 [main] loggerLoad - User successfully created New Account
[INFO ] 2023-05-26 14:09:37.261 [main] loggerLoad - User opens with Invalid username
[INFO ] 2023-05-26 14:09:37.262 [main] loggerLoad - User opens with Invalid password
[INFO ] 2023-05-26 14:09:37.262 [main] loggerLoad - User opens with Invalid confirm pwd
[INFO ] 2023-05-26 14:09:37.262 [main] loggerLoad - User opens valid credentials
[INFO ] 2023-05-26 14:09:37.532 [main] loggerLoad - User is in home page
[INFO ] 2023-05-26 14:09:39.102 [main] loggerLoad - User is Home  Page
[INFO ] 2023-05-26 14:09:39.257 [main] loggerLoad - User is on Data Structure Introduction Page
[INFO ] 2023-05-26 14:09:39.271 [main] loggerLoad - User is on Data Structure Introduction Page after login
[INFO ] 2023-05-26 14:09:39.414 [main] loggerLoad - User is on Data Structure Time Complexity
[INFO ] 2023-05-26 14:09:42.114 [main] loggerLoad - data structure phython code run success
[INFO ] 2023-05-26 14:09:42.282 [main] loggerLoad - User is Home  Page
[INFO ] 2023-05-26 14:09:42.448 [main] loggerLoad - User redirects to array Page
[INFO ] 2023-05-26 14:09:42.458 [main] loggerLoad - User is array phython Page
[INFO ] 2023-05-26 14:09:43.036 [main] loggerLoad - User runs code successfully
[INFO ] 2023-05-26 14:09:43.488 [main] loggerLoad - User redirects to practice qns search array Page
[INFO ] 2023-05-26 14:09:43.592 [main] loggerLoad - User is on Home page
[INFO ] 2023-05-26 14:09:43.794 [main] loggerLoad - User is on Linked List page
[INFO ] 2023-05-26 14:09:43.995 [main] loggerLoad - User is on Introduction Linked List Page
[INFO ] 2023-05-26 14:09:44.154 [main] loggerLoad - User is on page having tryeditor with run button
[INFO ] 2023-05-26 14:09:44.155 [main] loggerLoad - User is sending code
[INFO ] 2023-05-26 14:09:44.352 [main] loggerLoad - User received output
[INFO ] 2023-05-26 14:09:44.486 [main] loggerLoad - User is on Linked List page
[INFO ] 2023-05-26 14:09:44.793 [main] loggerLoad - User is on creating Linked List page
[INFO ] 2023-05-26 14:09:44.951 [main] loggerLoad - user navigate to tryeditor and run button
[INFO ] 2023-05-26 14:09:46.216 [main] loggerLoad - user is on Home Page after Linked List
[INFO ] 2023-05-26 14:09:46.380 [main] loggerLoad - User os on Stack Page
[INFO ] 2023-05-26 14:09:46.390 [main] loggerLoad - user checking functionality
[INFO ] 2023-05-26 14:09:46.781 [main] loggerLoad - User is on tryeditor page
[INFO ] 2023-05-26 14:09:47.935 [main] loggerLoad - User get Output
[INFO ] 2023-05-26 14:09:48.032 [main] loggerLoad - User is on Home page after Stack
[INFO ] 2023-05-26 14:09:50.198 [main] loggerLoad - user is on operation in Queue page
[INFO ] 2023-05-26 14:09:50.531 [main] loggerLoad - User is on tryeditor page
[INFO ] 2023-05-26 14:09:51.665 [main] loggerLoad - User is got the output of the code
[INFO ] 2023-05-26 14:09:51.755 [main] loggerLoad - User is on home page after Queue operation
[INFO ] 2023-05-26 14:09:51.931 [main] loggerLoad - User is on Tree Page
[INFO ] 2023-05-26 14:09:51.941 [main] loggerLoad - User is on Tree page
[INFO ] 2023-05-26 14:09:52.262 [main] loggerLoad - User can enter code
[INFO ] 2023-05-26 14:09:53.410 [main] loggerLoad - User get Output
[INFO ] 2023-05-26 14:09:53.838 [main] loggerLoad - User Redirected to Try Editor
[INFO ] 2023-05-26 14:09:54.999 [main] loggerLoad - User get Output for Terminologies
[INFO ] 2023-05-26 14:09:55.113 [main] loggerLoad - User is on Tree Page
[INFO ] 2023-05-26 14:09:55.429 [main] loggerLoad - User is on Try Editor Page
[INFO ] 2023-05-26 14:09:56.610 [main] loggerLoad - User get Output
[INFO ] 2023-05-26 14:09:56.700 [main] loggerLoad - User is on Home page
[INFO ] 2023-05-26 14:09:56.855 [main] loggerLoad - User is on Graph Page
[INFO ] 2023-05-26 14:09:56.863 [main] loggerLoad - User checking Graph operation
[INFO ] 2023-05-26 14:09:57.183 [main] loggerLoad - User checking Text area
[INFO ] 2023-05-26 14:09:58.302 [main] loggerLoad - User get Output
[INFO ] 2023-05-26 14:09:58.394 [main] loggerLoad - User is on Graph
[INFO ] 2023-05-26 14:09:58.786 [main] loggerLoad - User checking try Editor
[INFO ] 2023-05-26 14:09:59.955 [main] loggerLoad - User get Output
[INFO ] 2023-05-26 14:10:00.045 [main] loggerLoad - User is on Home page
[INFO ] 2023-05-26 14:10:00.213 [main] loggerLoad - User successfully Sign Out from DS algo
